[2024-01-09 13:22:58] [32minfo[39m: [32m====verifyToken Request initiated====[39m
[2024-01-09 13:22:58] [31merror[39m: [31mDecoding Firebase ID token failed. Make sure you passed the entire string JWT which represents an ID token. See https://firebase.google.com/docs/auth/admin/verify-id-tokens for details on how to retrieve an ID token.[39m
[2024-01-09 13:23:29] [32minfo[39m: [32m====verifyToken Request initiated====[39m
[2024-01-09 13:23:29] [31merror[39m: [31mFirst argument to verifyIdToken() must be a Firebase ID token string.[39m
[2024-01-09 15:08:07] [32minfo[39m: [32m====verifyToken Request initiated====[39m
[2024-01-09 15:08:07] [31merror[39m: [31mFirst argument to verifyIdToken() must be a Firebase ID token string.[39m
[2024-01-09 18:43:31] [32minfo[39m: [32m====create Request initiated====[39m
[2024-01-09 18:43:32] [31merror[39m: [31mThe email address is already in use by another account.[39m
[2024-01-09 18:44:21] [32minfo[39m: [32m====create Request initiated====[39m
[2024-01-09 18:44:21] [31merror[39m: [31mThe email address is already in use by another account.[39m
[2024-01-09 18:44:45] [32minfo[39m: [32m====create Request initiated====[39m
[2024-01-09 18:44:46] [31merror[39m: [31mThe email address is already in use by another account.[39m
[2024-01-09 19:11:04] [32minfo[39m: [32m====create Request initiated====[39m
[2024-01-09 19:11:05] [31merror[39m: [31m{"code":"auth/email-already-exists","message":"The email address is already in use by another account."}[39m
[2024-01-09 19:11:14] [32minfo[39m: [32m====create Request initiated====[39m
[2024-01-09 19:11:15] [31merror[39m: [31m{"code":"auth/email-already-exists","message":"The email address is already in use by another account."}[39m
[2024-01-09 19:11:21] [32minfo[39m: [32m====create Request initiated====[39m
[2024-01-09 19:11:32] [32minfo[39m: [32m====create Request initiated====[39m
[2024-01-09 19:11:33] [31merror[39m: [31m{"code":"auth/email-already-exists","message":"The email address is already in use by another account."}[39m
[2024-01-09 19:11:42] [32minfo[39m: [32m====create Request initiated====[39m
[2024-01-09 19:11:50] [32minfo[39m: [32m====create Request initiated====[39m
[2024-01-09 19:11:51] [31merror[39m: [31m{"code":"auth/email-already-exists","message":"The email address is already in use by another account."}[39m
[2024-01-09 19:20:11] [32minfo[39m: [32m====create Request initiated====[39m
[2024-01-09 19:20:19] [32minfo[39m: [32mUser fetched from User collection[39m
[2024-01-09 19:20:19] [32minfo[39m: [32mUser registered successfully[39m
[2024-01-09 19:30:17] [32minfo[39m: [32m=====uploadFile request initated====[39m
[2024-01-09 19:30:17] [31merror[39m: [31m{}[39m
[2024-01-09 19:31:26] [32minfo[39m: [32m=====uploadFile request initated====[39m
[2024-01-09 19:31:27] [31merror[39m: [31m{}[39m
[2024-01-09 19:32:53] [32minfo[39m: [32m=====uploadFile request initated====[39m
[2024-01-09 19:32:53] [31merror[39m: [31m{}[39m
[2024-01-09 19:33:38] [32minfo[39m: [32m=====uploadFile request initated====[39m
[2024-01-09 19:33:38] [32minfo[39m: [32m=====uploadFile request intiated=====[39m
[2024-01-09 19:33:43] [32minfo[39m: [32mhttps://storage.googleapis.com/frontend_profile_pictures/sea_lions_highway_1_california.jpg[39m
[2024-01-09 19:33:43] [32minfo[39m: [32mUser profile uploaded successfully[39m
[2024-01-09 19:42:24] [32minfo[39m: [32m=====uploadFile request initated====[39m
[2024-01-09 19:42:24] [32minfo[39m: [32m=====uploadFile request intiated=====[39m
[2024-01-09 19:42:28] [32minfo[39m: [32mhttps://storage.googleapis.com/frontend_profile_pictures/sea_lions_highway_1_california.jpg[39m
[2024-01-09 19:42:28] [32minfo[39m: [32mUser profile uploaded successfully[39m
[2024-01-09 19:51:00] [32minfo[39m: [32m=====getUserProfile request intiated====[39m
[2024-01-09 19:51:00] [31merror[39m: [31m{"code":"auth/invalid-uid","message":"The uid must be a non-empty string with at most 128 characters."}[39m
[2024-01-09 19:51:48] [32minfo[39m: [32m=====getUserProfile request intiated====[39m
[2024-01-09 19:51:48] [31merror[39m: [31m{"code":"auth/invalid-uid","message":"The uid must be a non-empty string with at most 128 characters."}[39m
[2024-01-09 19:54:02] [32minfo[39m: [32m=====getUserProfile request intiated====[39m
[2024-01-09 19:54:07] [32minfo[39m: [32mUser profile updated[39m
[2024-01-09 19:56:13] [32minfo[39m: [32m=====getUserProfile request intiated====[39m
[2024-01-09 19:56:16] [32minfo[39m: [32mfetched user profile updated[39m
[2024-01-09 19:58:03] [32minfo[39m: [32m=====getUserProfile request intiated====[39m
[2024-01-09 19:58:06] [32minfo[39m: [32mfetched user profile updated[39m
[2024-01-09 20:06:16] [32minfo[39m: [32m=====uploadFile request initated====[39m
[2024-01-09 20:06:16] [32minfo[39m: [32m=====uploadFile request intiated=====[39m
[2024-01-09 20:06:21] [32minfo[39m: [32mhttps://storage.googleapis.com/frontend_profile_pictures/sea_lions_highway_1_california.jpg[39m
[2024-01-09 20:06:21] [32minfo[39m: [32mUser profile uploaded successfully[39m
[2024-01-09 20:15:23] [32minfo[39m: [32m=====getUserProfile request intiated====[39m
[2024-01-09 20:15:26] [32minfo[39m: [32mfetched user profile updated[39m
[2024-01-09 20:16:32] [32minfo[39m: [32m=====updateUserProfile request initated====[39m
[2024-01-09 20:16:34] [32minfo[39m: [32mProfile updated[39m
[2024-01-09 20:19:18] [32minfo[39m: [32m=====uploadFile request initated====[39m
[2024-01-09 20:19:18] [32minfo[39m: [32m=====uploadFile request intiated=====[39m
[2024-01-09 20:19:19] [32minfo[39m: [32mhttps://storage.googleapis.com/frontend_profile_pictures/download.jpg[39m
[2024-01-09 20:19:19] [32minfo[39m: [32mUser profile uploaded successfully[39m
[2024-01-09 20:21:16] [32minfo[39m: [32m=====uploadFile request initated====[39m
[2024-01-09 20:21:16] [32minfo[39m: [32m=====uploadFile request intiated=====[39m
[2024-01-09 20:21:18] [32minfo[39m: [32mhttps://storage.googleapis.com/frontend_profile_pictures/download.jpg[39m
[2024-01-09 20:21:18] [31merror[39m: [31m{}[39m
[2024-01-09 20:24:51] [32minfo[39m: [32m=====uploadFile request initated====[39m
[2024-01-09 20:24:51] [32minfo[39m: [32m=====uploadFile request intiated=====[39m
[2024-01-09 20:24:52] [32minfo[39m: [32mhttps://storage.googleapis.com/frontend_profile_pictures/download.jpg[39m
[2024-01-09 20:24:52] [32minfo[39m: [32mUser profile uploaded on google cloud[39m
[2024-01-09 20:24:52] [32minfo[39m: [32mUser profile uploaded successfully[39m
[2024-01-10 17:16:21] [32minfo[39m: [32m=====updateUserProfile request initated====[39m
[2024-01-10 17:16:31] [32minfo[39m: [32m=====updateUserProfile request initated====[39m
[2024-01-10 17:16:45] [32minfo[39m: [32m=====updateUserProfile request initated====[39m
[2024-01-10 17:20:03] [32minfo[39m: [32m=====updateUserProfile request initated====[39m
[2024-01-10 17:20:07] [32minfo[39m: [32mProfile updated[39m
[2024-01-10 17:22:23] [32minfo[39m: [32m=====uploadFile request initated====[39m
[2024-01-10 17:22:23] [32minfo[39m: [32m=====uploadFile request intiated=====[39m
[2024-01-10 17:22:25] [32minfo[39m: [32mhttps://storage.googleapis.com/frontend_profile_pictures/download (1).jpg[39m
[2024-01-10 17:22:25] [32minfo[39m: [32mfetched user successfully[39m
[2024-01-10 17:22:25] [31merror[39m: [31m{}[39m
[2024-01-10 17:23:28] [32minfo[39m: [32m=====uploadFile request initated====[39m
[2024-01-10 17:23:28] [32minfo[39m: [32m=====uploadFile request intiated=====[39m
[2024-01-10 17:23:30] [32minfo[39m: [32mhttps://storage.googleapis.com/frontend_profile_pictures/download (1).jpg[39m
[2024-01-10 17:23:30] [32minfo[39m: [32mfetched user successfully[39m
[2024-01-10 17:23:30] [32minfo[39m: [32mUser profile uploaded successfully[39m
[2024-01-10 17:23:45] [32minfo[39m: [32m=====uploadFile request initated====[39m
[2024-01-10 17:23:45] [32minfo[39m: [32m=====uploadFile request intiated=====[39m
[2024-01-10 17:23:46] [32minfo[39m: [32mhttps://storage.googleapis.com/frontend_profile_pictures/download (1).jpg[39m
[2024-01-10 17:23:46] [32minfo[39m: [32mfetched user successfully[39m
[2024-01-10 17:23:47] [32minfo[39m: [32mUser profile uploaded successfully[39m
[2024-01-10 17:24:38] [32minfo[39m: [32m=====uploadFile request initated====[39m
[2024-01-10 17:24:41] [32minfo[39m: [32m=====uploadFile request intiated=====[39m
[2024-01-10 17:24:43] [32minfo[39m: [32mhttps://storage.googleapis.com/frontend_profile_pictures/download (1).jpg[39m
[2024-01-10 17:24:43] [32minfo[39m: [32mfetched user successfully[39m
[2024-01-10 17:24:43] [32minfo[39m: [32mUser profile uploaded successfully[39m
[2024-01-10 17:26:00] [32minfo[39m: [32m=====uploadFile request initated====[39m
[2024-01-10 17:26:02] [32minfo[39m: [32m=====uploadFile request intiated=====[39m
[2024-01-10 17:26:04] [32minfo[39m: [32mhttps://storage.googleapis.com/frontend_profile_pictures/download (1).jpg[39m
[2024-01-10 17:26:04] [32minfo[39m: [32mfetched user successfully[39m
[2024-01-10 17:26:04] [32minfo[39m: [32mUser profile uploaded successfully[39m
[2024-01-10 17:28:55] [32minfo[39m: [32m=====uploadFile request initated====[39m
[2024-01-10 17:28:55] [32minfo[39m: [32m=====uploadFile request intiated=====[39m
[2024-01-10 17:28:58] [32minfo[39m: [32mhttps://storage.googleapis.com/frontend_profile_pictures/download (1).jpg[39m
[2024-01-10 17:28:58] [32minfo[39m: [32mfetched user successfully[39m
[2024-01-10 17:28:59] [31merror[39m: [31m{}[39m
[2024-01-10 17:29:26] [32minfo[39m: [32m=====uploadFile request initated====[39m
[2024-01-10 17:29:26] [32minfo[39m: [32m=====uploadFile request intiated=====[39m
[2024-01-10 17:29:28] [32minfo[39m: [32mhttps://storage.googleapis.com/frontend_profile_pictures/download (1).jpg[39m
[2024-01-10 17:29:28] [32minfo[39m: [32mfetched user successfully[39m
[2024-01-10 17:29:29] [32minfo[39m: [32mUser profile uploaded successfully[39m
[2024-01-10 17:29:52] [32minfo[39m: [32m=====uploadFile request initated====[39m
[2024-01-10 17:29:52] [32minfo[39m: [32m=====uploadFile request intiated=====[39m
[2024-01-10 17:29:54] [32minfo[39m: [32mhttps://storage.googleapis.com/frontend_profile_pictures/download (1).jpg[39m
[2024-01-10 17:29:54] [32minfo[39m: [32mfetched user successfully[39m
[2024-01-10 17:29:55] [32minfo[39m: [32mUser profile uploaded successfully[39m
[2024-01-10 17:30:54] [32minfo[39m: [32m=====uploadFile request initated====[39m
[2024-01-10 17:30:54] [32minfo[39m: [32m=====uploadFile request intiated=====[39m
[2024-01-10 17:30:55] [32minfo[39m: [32mhttps://storage.googleapis.com/frontend_profile_pictures/download (1).jpg[39m
[2024-01-10 17:30:55] [32minfo[39m: [32mfetched user successfully[39m
[2024-01-10 17:30:57] [31merror[39m: [31m{}[39m
[2024-01-10 17:31:44] [32minfo[39m: [32m=====uploadFile request initated====[39m
[2024-01-10 17:31:44] [32minfo[39m: [32m=====uploadFile request intiated=====[39m
[2024-01-10 17:31:45] [32minfo[39m: [32mhttps://storage.googleapis.com/frontend_profile_pictures/download (1).jpg[39m
[2024-01-10 17:31:45] [32minfo[39m: [32mfetched user successfully[39m
[2024-01-10 17:31:46] [32minfo[39m: [32mUser profile uploaded successfully[39m
[2024-01-10 17:34:07] [32minfo[39m: [32m=====getUserProfile request intiated====[39m
[2024-01-10 17:34:09] [32minfo[39m: [32mfetched user profile updated[39m
[2024-01-10 17:34:43] [32minfo[39m: [32m=====uploadFile request initated====[39m
[2024-01-10 17:34:43] [32minfo[39m: [32m=====uploadFile request intiated=====[39m
[2024-01-10 17:34:43] [32minfo[39m: [32mhttps://storage.googleapis.com/frontend_profile_pictures/download (1).jpg[39m
[2024-01-10 17:34:43] [32minfo[39m: [32mfetched user successfully[39m
[2024-01-10 17:34:44] [32minfo[39m: [32mUser profile uploaded successfully[39m
[2024-01-10 17:35:14] [32minfo[39m: [32m=====uploadFile request initated====[39m
[2024-01-10 17:35:14] [32minfo[39m: [32m=====uploadFile request intiated=====[39m
[2024-01-10 17:35:15] [32minfo[39m: [32mhttps://storage.googleapis.com/frontend_profile_pictures/Black-background-skitterphoto.jpg[39m
[2024-01-10 17:35:15] [32minfo[39m: [32mfetched user successfully[39m
[2024-01-10 17:35:15] [32minfo[39m: [32mUser profile uploaded successfully[39m
[2024-01-10 17:58:50] [32minfo[39m: [32m=====uploadFile request initated====[39m
[2024-01-10 17:58:50] [32minfo[39m: [32m=====uploadFile request intiated=====[39m
[2024-01-10 17:58:53] [32minfo[39m: [32mhttps://storage.googleapis.com/frontend_profile_pictures/Black-background-skitterphoto.jpg[39m
[2024-01-10 17:58:53] [32minfo[39m: [32mfetched user successfully[39m
[2024-01-10 17:58:54] [32minfo[39m: [32mUser profile uploaded successfully[39m
[2024-01-11 12:36:50] [32minfo[39m: [32m====getRoles Request initiated====[39m
[2024-01-11 12:39:30] [32minfo[39m: [32m====getRoles Request initiated====[39m
[2024-01-11 12:39:41] [32minfo[39m: [32m====getRoles Request initiated====[39m
[2024-01-11 12:40:57] [32minfo[39m: [32m====getRoles Request initiated====[39m
[2024-01-11 12:40:59] [32minfo[39m: [32mFetched roles successfully[39m
[2024-01-11 12:44:26] [32minfo[39m: [32m====getRoles Request initiated====[39m
[2024-01-11 12:44:28] [32minfo[39m: [32mFetched roles successfully[39m
[2024-01-11 12:47:41] [32minfo[39m: [32m====getRoles Request initiated====[39m
[2024-01-11 12:47:41] [32minfo[39m: [32mFetched roles successfully[39m
[2024-01-11 12:53:54] [32minfo[39m: [32m====getRoles Request initiated====[39m
[2024-01-11 12:53:55] [32minfo[39m: [32mFetched roles successfully[39m
[2024-01-11 12:56:48] [32minfo[39m: [32m====getRoles Request initiated====[39m
[2024-01-11 12:56:49] [32minfo[39m: [32mFetched roles successfully[39m
[2024-01-11 12:57:10] [32minfo[39m: [32m====getRoles Request initiated====[39m
[2024-01-11 12:57:12] [32minfo[39m: [32mFetched roles successfully[39m
[2024-01-11 12:57:27] [32minfo[39m: [32m====getRoles Request initiated====[39m
[2024-01-11 12:57:29] [32minfo[39m: [32mFetched roles successfully[39m
[2024-01-11 13:02:36] [32minfo[39m: [32m====getRoles Request initiated====[39m
[2024-01-11 13:02:39] [32minfo[39m: [32mFetched roles successfully[39m
[2024-01-11 13:02:57] [32minfo[39m: [32m====getRoles Request initiated====[39m
[2024-01-11 13:02:59] [32minfo[39m: [32mFetched roles successfully[39m
[2024-01-11 13:03:51] [32minfo[39m: [32m====getRoles Request initiated====[39m
[2024-01-11 13:03:54] [32minfo[39m: [32mFetched roles successfully[39m
[2024-01-11 13:04:15] [32minfo[39m: [32m====getRoles Request initiated====[39m
[2024-01-11 13:04:17] [32minfo[39m: [32mFetched roles successfully[39m
[2024-01-11 13:15:55] [32minfo[39m: [32m====create Request initiated====[39m
[2024-01-11 13:16:02] [32minfo[39m: [32mUser fetched from User collection[39m
[2024-01-11 13:16:04] [32minfo[39m: [32mUser registered successfully[39m
[2024-01-11 13:16:37] [32minfo[39m: [32m====loginUser Request initiated====[39m
[2024-01-11 13:16:37] [32minfo[39m: [32mUser logged in successfully[39m
[2024-01-11 13:16:58] [32minfo[39m: [32m=====createEvent request initated====[39m
[2024-01-11 13:16:58] [31merror[39m: [31m{}[39m
[2024-01-11 13:18:09] [32minfo[39m: [32m=====createEvent request initated====[39m
[2024-01-11 13:18:09] [31merror[39m: [31m{}[39m
[2024-01-11 13:19:15] [32minfo[39m: [32m=====createEvent request initated====[39m
[2024-01-11 13:19:16] [31merror[39m: [31m{}[39m
[2024-01-11 13:25:22] [32minfo[39m: [32m=====createEvent request initated====[39m
[2024-01-11 13:25:22] [31merror[39m: [31mCannot read properties of undefined (reading 'getAuth')[39m
[2024-01-11 13:29:46] [32minfo[39m: [32m=====createEvent request initated====[39m
[2024-01-11 13:29:46] [31merror[39m: [31mCannot read properties of undefined (reading 'getAuth')[39m
[2024-01-11 13:31:31] [32minfo[39m: [32m=====createEvent request initated====[39m
[2024-01-11 13:31:31] [31merror[39m: [31mCannot read properties of undefined (reading 'getAuth')[39m
[2024-01-11 15:11:34] [32minfo[39m: [32m====loginUser Request initiated====[39m
[2024-01-11 15:11:34] [32minfo[39m: [32mUser logged in successfully[39m
[2024-01-11 15:11:57] [32minfo[39m: [32m=====createEvent request initated====[39m
[2024-01-11 15:11:57] [31merror[39m: [31mCannot read properties of undefined (reading 'getAuth')[39m
[2024-01-11 15:13:02] [32minfo[39m: [32m=====createEvent request initated====[39m
[2024-01-11 15:13:02] [31merror[39m: [31mCannot read properties of undefined (reading 'getAuth')[39m
[2024-01-11 15:18:10] [32minfo[39m: [32m=====createEvent request initated====[39m
[2024-01-11 15:18:10] [31merror[39m: [31mCannot read properties of undefined (reading 'getAuth')[39m
[2024-01-11 15:19:29] [32minfo[39m: [32m=====getUserProfile request intiated====[39m
[2024-01-11 15:19:29] [31merror[39m: [31m{}[39m
[2024-01-11 15:20:24] [32minfo[39m: [32m====loginUser Request initiated====[39m
[2024-01-11 15:20:25] [32minfo[39m: [32mUser logged in successfully[39m
[2024-01-11 15:20:41] [32minfo[39m: [32m=====getUserProfile request intiated====[39m
[2024-01-11 15:20:41] [31merror[39m: [31m{}[39m
[2024-01-11 15:20:56] [32minfo[39m: [32m=====getUserProfile request intiated====[39m
[2024-01-11 15:20:56] [31merror[39m: [31m{}[39m
[2024-01-11 15:21:20] [32minfo[39m: [32m=====createEvent request initated====[39m
[2024-01-11 15:21:20] [31merror[39m: [31mCannot read properties of undefined (reading 'getAuth')[39m
[2024-01-11 15:22:07] [32minfo[39m: [32m=====createEvent request initated====[39m
[2024-01-11 15:22:59] [32minfo[39m: [32m=====createEvent request initated====[39m
[2024-01-11 15:22:59] [31merror[39m: [31mCannot read properties of undefined (reading 'getAuth')[39m
[2024-01-11 15:23:16] [32minfo[39m: [32m=====createEvent request initated====[39m
[2024-01-11 15:23:16] [31merror[39m: [31mCannot read properties of undefined (reading 'getAuth')[39m
[2024-01-11 15:23:30] [32minfo[39m: [32m=====getUserProfile request intiated====[39m
[2024-01-11 15:23:39] [32minfo[39m: [32m=====getUserProfile request intiated====[39m
[2024-01-11 15:23:50] [32minfo[39m: [32m=====getUserProfile request intiated====[39m
[2024-01-11 15:24:07] [32minfo[39m: [32m=====getUserProfile request intiated====[39m
[2024-01-11 15:24:11] [32minfo[39m: [32mfetched user profile updated[39m
[2024-01-11 15:24:36] [32minfo[39m: [32m=====createEvent request initated====[39m
[2024-01-11 15:24:36] [31merror[39m: [31mCannot read properties of undefined (reading 'getAuth')[39m
[2024-01-11 15:25:42] [32minfo[39m: [32m=====createEvent request initated====[39m
[2024-01-11 15:25:42] [31merror[39m: [31mCannot read properties of undefined (reading 'getAuth')[39m
[2024-01-11 15:25:59] [32minfo[39m: [32m=====createEvent request initated====[39m
[2024-01-11 15:25:59] [31merror[39m: [31mCannot read properties of undefined (reading 'getAuth')[39m
[2024-01-11 15:26:45] [32minfo[39m: [32m=====createEvent request initated====[39m
[2024-01-11 15:26:45] [31merror[39m: [31mCannot read properties of undefined (reading 'getAuth')[39m
[2024-01-11 15:27:19] [32minfo[39m: [32m=====createEvent request initated====[39m
[2024-01-11 15:27:19] [31merror[39m: [31mCannot read properties of undefined (reading 'getAuth')[39m
[2024-01-11 15:28:25] [31merror[39m: [31mCannot read properties of undefined (reading 'getAuth')[39m
[2024-01-11 15:30:06] [32minfo[39m: [32m=====createEvent request initated====[39m
[2024-01-11 15:30:06] [31merror[39m: [31mCannot read properties of undefined (reading 'getAuth')[39m
[2024-01-11 15:30:32] [32minfo[39m: [32m=====createEvent request initated====[39m
[2024-01-11 15:30:32] [31merror[39m: [31mCannot read properties of undefined (reading 'getAuth')[39m
[2024-01-11 15:31:19] [32minfo[39m: [32m=====createEvent request initated====[39m
[2024-01-11 15:31:36] [32minfo[39m: [32m=====createEvent request initated====[39m
[2024-01-11 15:31:39] [32minfo[39m: [32mEvent created successfully[39m
[2024-01-11 15:45:28] [32minfo[39m: [32m====loginUser Request initiated====[39m
[2024-01-11 15:45:29] [32minfo[39m: [32mUser logged in successfully[39m
[2024-01-11 15:45:50] [32minfo[39m: [32m=====udpateEvent request initated====[39m
[2024-01-11 15:45:51] [32minfo[39m: [32mEvent updated successfully[39m
[2024-01-11 16:27:24] [32minfo[39m: [32m=====createEvent request initated====[39m
[2024-01-11 16:27:26] [32minfo[39m: [32mEvent created successfully[39m
[2024-01-11 22:57:35] [32minfo[39m: [32m=====createEvent request initated====[39m
[2024-01-11 22:57:54] [32minfo[39m: [32mEvent created successfully[39m
[2024-01-11 22:58:06] [32minfo[39m: [32m=====createEventTicket request initated====[39m
[2024-01-11 22:58:08] [32minfo[39m: [32mEvent updated successfully[39m
[2024-01-11 23:00:33] [32minfo[39m: [32m=====createEventTicket request initated====[39m
[2024-01-11 23:00:37] [32minfo[39m: [32mEvent ticket created successfully[39m
[2024-01-12 16:43:34] [32minfo[39m: [32m====loginUser Request initiated====[39m
[2024-01-12 16:43:35] [32minfo[39m: [32mUser logged in successfully[39m
[2024-01-12 16:43:47] [32minfo[39m: [32m====loginUser Request initiated====[39m
[2024-01-12 16:43:47] [32minfo[39m: [32mUser logged in successfully[39m
[2024-01-12 16:43:55] [32minfo[39m: [32m====loginUser Request initiated====[39m
[2024-01-12 16:43:55] [32minfo[39m: [32mUser logged in successfully[39m
[2024-01-12 18:39:55] [32minfo[39m: [32m====loginUser Request initiated====[39m
[2024-01-12 18:39:55] [32minfo[39m: [32mUser logged in successfully[39m
[2024-01-12 18:40:00] [32minfo[39m: [32m====loginUser Request initiated====[39m
[2024-01-12 18:40:00] [32minfo[39m: [32mUser logged in successfully[39m
[2024-01-12 18:40:05] [32minfo[39m: [32m====loginUser Request initiated====[39m
[2024-01-12 18:40:05] [32minfo[39m: [32mUser logged in successfully[39m
[2024-01-12 18:40:16] [32minfo[39m: [32m====loginUser Request initiated====[39m
[2024-01-12 18:40:16] [32minfo[39m: [32mUser logged in successfully[39m
[2024-01-12 18:40:51] [32minfo[39m: [32m=====createEvent request initated====[39m
[2024-01-12 18:41:05] [32minfo[39m: [32m=====createEvent request initated====[39m
[2024-01-12 18:53:31] [32minfo[39m: [32m=====createEvent request initated====[39m
[2024-01-12 18:53:36] [32minfo[39m: [32mEvent created successfully[39m
[2024-01-15 15:25:46] [32minfo[39m: [32m====getRoles Request initiated====[39m
[2024-01-15 15:25:53] [32minfo[39m: [32mFetched roles successfully[39m
[2024-01-15 15:26:22] [32minfo[39m: [32m====loginUser Request initiated====[39m
[2024-01-15 15:26:22] [31merror[39m: [31m{}[39m
[2024-01-15 15:26:32] [32minfo[39m: [32m====loginUser Request initiated====[39m
[2024-01-15 15:26:32] [31merror[39m: [31m{}[39m
[2024-01-15 15:26:44] [32minfo[39m: [32m====loginUser Request initiated====[39m
[2024-01-15 15:26:44] [31merror[39m: [31m{}[39m
[2024-01-15 15:27:00] [32minfo[39m: [32m====loginUser Request initiated====[39m
[2024-01-15 15:27:00] [31merror[39m: [31m{}[39m
[2024-01-15 15:27:08] [32minfo[39m: [32m====loginUser Request initiated====[39m
[2024-01-15 15:27:08] [31merror[39m: [31m{}[39m
[2024-01-15 15:27:49] [32minfo[39m: [32m====loginUser Request initiated====[39m
[2024-01-15 15:27:49] [31merror[39m: [31m{}[39m
[2024-01-15 15:27:57] [32minfo[39m: [32m====loginUser Request initiated====[39m
[2024-01-15 15:27:57] [31merror[39m: [31m{}[39m
[2024-01-15 15:28:06] [32minfo[39m: [32m====loginUser Request initiated====[39m
[2024-01-15 15:28:06] [31merror[39m: [31m{}[39m
[2024-01-15 15:28:15] [32minfo[39m: [32m====loginUser Request initiated====[39m
[2024-01-15 15:28:15] [31merror[39m: [31m{}[39m
[2024-01-15 15:28:19] [32minfo[39m: [32m====loginUser Request initiated====[39m
[2024-01-15 15:28:19] [31merror[39m: [31m{}[39m
[2024-01-15 15:29:15] [32minfo[39m: [32m====loginUser Request initiated====[39m
[2024-01-15 15:29:15] [31merror[39m: [31m{}[39m
[2024-01-15 15:29:19] [32minfo[39m: [32m====loginUser Request initiated====[39m
[2024-01-15 15:29:19] [31merror[39m: [31m{}[39m
[2024-01-15 15:29:33] [32minfo[39m: [32m====loginUser Request initiated====[39m
[2024-01-15 15:29:33] [31merror[39m: [31m{}[39m
[2024-01-15 15:43:58] [32minfo[39m: [32m====loginUser Request initiated====[39m
[2024-01-15 15:43:58] [31merror[39m: [31m{}[39m
[2024-01-15 15:44:05] [32minfo[39m: [32m====loginUser Request initiated====[39m
[2024-01-15 15:44:05] [31merror[39m: [31m{}[39m
[2024-01-15 15:45:38] [32minfo[39m: [32m====loginUser Request initiated====[39m
[2024-01-15 15:45:38] [31merror[39m: [31m{}[39m
[2024-01-15 16:21:22] [32minfo[39m: [32m====loginUser Request initiated====[39m
[2024-01-15 16:21:33] [32minfo[39m: [32m====loginUser Request initiated====[39m
[2024-01-15 16:22:06] [32minfo[39m: [32m====loginUser Request initiated====[39m
[2024-01-15 16:22:06] [31merror[39m: [31m{}[39m
[2024-01-22 13:08:02] [32minfo[39m: [32m====loginUser Request initiated====[39m
[2024-01-22 13:08:02] [31merror[39m: [31m{}[39m
[2024-01-22 13:08:08] [32minfo[39m: [32m====loginUser Request initiated====[39m
[2024-01-22 13:08:08] [31merror[39m: [31m{}[39m
[2024-01-22 13:08:13] [32minfo[39m: [32m====loginUser Request initiated====[39m
[2024-01-22 13:08:13] [31merror[39m: [31m{}[39m
[2024-01-22 13:08:18] [32minfo[39m: [32m====loginUser Request initiated====[39m
[2024-01-22 13:08:18] [31merror[39m: [31m{}[39m
[2024-01-22 13:08:22] [32minfo[39m: [32m====loginUser Request initiated====[39m
[2024-01-22 13:08:22] [31merror[39m: [31m{}[39m
[2024-01-22 13:08:46] [32minfo[39m: [32m====loginUser Request initiated====[39m
[2024-01-22 13:08:46] [31merror[39m: [31m{}[39m
[2024-01-22 13:08:49] [32minfo[39m: [32m====loginUser Request initiated====[39m
[2024-01-22 13:08:49] [31merror[39m: [31m{}[39m
[2024-01-22 13:08:53] [32minfo[39m: [32m====loginUser Request initiated====[39m
[2024-01-22 13:08:53] [31merror[39m: [31m{}[39m
[2024-01-22 13:09:18] [32minfo[39m: [32m====loginUser Request initiated====[39m
[2024-01-22 13:09:18] [31merror[39m: [31m{}[39m
[2024-01-22 13:10:20] [32minfo[39m: [32m====loginUser Request initiated====[39m
[2024-01-22 13:10:20] [31merror[39m: [31m{}[39m
[2024-01-22 13:11:32] [32minfo[39m: [32m====loginUser Request initiated====[39m
[2024-01-22 13:11:32] [31merror[39m: [31m{}[39m
[2024-01-22 13:11:48] [32minfo[39m: [32m====loginUser Request initiated====[39m
[2024-01-22 13:11:48] [31merror[39m: [31m{}[39m
[2024-01-22 13:13:40] [32minfo[39m: [32m====loginUser Request initiated====[39m
[2024-01-22 13:13:40] [31merror[39m: [31mfetch is not defined[39m
[2024-01-22 13:14:26] [32minfo[39m: [32m====loginUser Request initiated====[39m
[2024-01-22 13:14:26] [31merror[39m: [31mfetch is not defined[39m
[2024-01-22 13:14:31] [32minfo[39m: [32m====loginUser Request initiated====[39m
[2024-01-22 13:14:31] [31merror[39m: [31mfetch is not defined[39m
[2024-01-22 13:14:39] [32minfo[39m: [32m====loginUser Request initiated====[39m
[2024-01-22 13:14:39] [31merror[39m: [31mfetch is not defined[39m
[2024-01-22 15:03:23] [32minfo[39m: [32m====create Request initiated====[39m
[2024-01-22 15:03:25] [31merror[39m: [31mCannot read properties of undefined (reading 'role')[39m
[2024-01-22 15:05:10] [32minfo[39m: [32m====create Request initiated====[39m
[2024-01-22 15:05:11] [31merror[39m: [31mThe email address is already in use by another account.[39m
[2024-01-22 15:06:25] [32minfo[39m: [32m====getRoles Request initiated====[39m
[2024-01-22 15:06:25] [32minfo[39m: [32mFetched roles successfully[39m
[2024-01-22 15:06:37] [32minfo[39m: [32m====create Request initiated====[39m
[2024-01-22 15:06:37] [31merror[39m: [31mThe email address is already in use by another account.[39m
[2024-01-22 15:06:45] [32minfo[39m: [32m====create Request initiated====[39m
[2024-01-22 15:06:48] [32minfo[39m: [32mUser fetched from User collection[39m
[2024-01-22 15:06:49] [32minfo[39m: [32m=====uploadFile request intiated=====[39m
[2024-01-22 15:06:49] [31merror[39m: [31mString required as first argument[39m
[2024-01-22 15:08:22] [32minfo[39m: [32m====create Request initiated====[39m
[2024-01-22 15:08:23] [31merror[39m: [31mThe email address is already in use by another account.[39m
[2024-01-22 15:08:29] [32minfo[39m: [32m====create Request initiated====[39m
[2024-01-22 15:08:32] [32minfo[39m: [32mUser fetched from User collection[39m
[2024-01-22 15:08:33] [32minfo[39m: [32m=====uploadFile request intiated=====[39m
[2024-01-22 15:08:33] [31merror[39m: [31mString required as first argument[39m
[2024-01-22 15:18:45] [32minfo[39m: [32m====create Request initiated====[39m
[2024-01-22 15:18:50] [32minfo[39m: [32mUser fetched from User collection[39m
[2024-01-22 15:18:51] [32minfo[39m: [32m=====uploadFile request intiated=====[39m
[2024-01-22 15:18:51] [31merror[39m: [31mString required as first argument[39m
[2024-01-22 15:36:11] [32minfo[39m: [32m====create Request initiated====[39m
[2024-01-22 15:36:14] [32minfo[39m: [32mUser fetched from User collection[39m
[2024-01-22 15:36:15] [32minfo[39m: [32m=====uploadFile request intiated=====[39m
[2024-01-22 15:36:15] [31merror[39m: [31mString required as first argument[39m
[2024-01-22 15:38:00] [32minfo[39m: [32m====create Request initiated====[39m
[2024-01-22 15:38:01] [31merror[39m: [31mThe email address is already in use by another account.[39m
[2024-01-22 15:38:06] [32minfo[39m: [32m====create Request initiated====[39m
[2024-01-22 15:38:09] [32minfo[39m: [32mUser fetched from User collection[39m
[2024-01-22 15:38:10] [32minfo[39m: [32m=====uploadQRCode request intiated=====[39m
[2024-01-22 15:38:10] [31merror[39m: [31mString required as first argument[39m
[2024-01-22 15:39:52] [32minfo[39m: [32m====create Request initiated====[39m
[2024-01-22 15:39:56] [32minfo[39m: [32mUser fetched from User collection[39m
[2024-01-22 15:39:57] [32minfo[39m: [32m=====uploadQRCode request intiated=====[39m
[2024-01-22 15:39:57] [31merror[39m: [31mString required as first argument[39m
[2024-01-22 15:41:57] [32minfo[39m: [32m====create Request initiated====[39m
[2024-01-22 15:41:58] [31merror[39m: [31mThe email address is already in use by another account.[39m
[2024-01-22 15:42:03] [32minfo[39m: [32m====create Request initiated====[39m
[2024-01-22 15:42:06] [32minfo[39m: [32mUser fetched from User collection[39m
[2024-01-22 15:42:07] [32minfo[39m: [32m=====uploadQRCode request intiated=====[39m
[2024-01-22 15:42:07] [31merror[39m: [31mString required as first argument[39m
[2024-01-22 15:43:25] [32minfo[39m: [32m====create Request initiated====[39m
[2024-01-22 15:43:25] [31merror[39m: [31mThe email address is already in use by another account.[39m
[2024-01-22 15:43:34] [32minfo[39m: [32m====create Request initiated====[39m
[2024-01-22 15:43:37] [32minfo[39m: [32mUser fetched from User collection[39m
[2024-01-22 15:43:38] [32minfo[39m: [32m=====uploadQRCode request intiated=====[39m
[2024-01-22 15:43:38] [31merror[39m: [31mqrcodeDataUrl.split is not a function[39m
[2024-01-22 15:45:22] [32minfo[39m: [32m====create Request initiated====[39m
[2024-01-22 15:45:23] [31merror[39m: [31mThe email address is already in use by another account.[39m
[2024-01-22 15:45:29] [32minfo[39m: [32m====create Request initiated====[39m
[2024-01-22 15:45:33] [32minfo[39m: [32mUser fetched from User collection[39m
[2024-01-22 15:45:33] [32minfo[39m: [32m=====uploadQRCode request intiated=====[39m
[2024-01-22 15:45:33] [31merror[39m: [31mqrcodeDataUrl.split is not a function[39m
[2024-01-22 15:48:04] [32minfo[39m: [32m====create Request initiated====[39m
[2024-01-22 15:48:05] [31merror[39m: [31mThe email address is already in use by another account.[39m
[2024-01-22 15:48:13] [32minfo[39m: [32m====create Request initiated====[39m
[2024-01-22 15:48:16] [32minfo[39m: [32mUser fetched from User collection[39m
[2024-01-22 15:48:18] [32minfo[39m: [32m=====uploadQRCode request intiated=====[39m
[2024-01-22 15:48:18] [32minfo[39m: [32mUser registered successfully[39m
[2024-01-22 15:52:21] [32minfo[39m: [32m====create Request initiated====[39m
[2024-01-22 15:52:25] [32minfo[39m: [32mUser fetched from User collection[39m
[2024-01-22 15:52:26] [32minfo[39m: [32m=====uploadQRCode request intiated=====[39m
[2024-01-22 15:52:26] [32minfo[39m: [32mUser registered successfully[39m
[2024-01-22 15:58:08] [32minfo[39m: [32m====loginUser Request initiated====[39m
[2024-01-22 15:58:08] [31merror[39m: [31mfetch is not defined[39m
[2024-01-22 15:58:19] [32minfo[39m: [32m====loginUser Request initiated====[39m
[2024-01-22 15:58:19] [31merror[39m: [31mfetch is not defined[39m
[2024-01-22 15:59:25] [32minfo[39m: [32m====loginUser Request initiated====[39m
[2024-01-22 15:59:25] [31merror[39m: [31mfetch is not defined[39m
[2024-01-22 16:00:10] [32minfo[39m: [32m====loginUser Request initiated====[39m
[2024-01-22 16:00:10] [31merror[39m: [31mfetch is not defined[39m
[2024-01-22 16:03:03] [32minfo[39m: [32m====loginUser Request initiated====[39m
[2024-01-22 16:04:46] [32minfo[39m: [32m====loginUser Request initiated====[39m
[2024-01-22 16:04:46] [31merror[39m: [31mfetch is not defined[39m
[2024-01-22 16:06:51] [32minfo[39m: [32m====loginUser Request initiated====[39m
[2024-01-22 16:06:52] [32minfo[39m: [32mUser logged in successfully[39m
[2024-01-22 16:08:27] [32minfo[39m: [32m====loginUser Request initiated====[39m
[2024-01-22 16:08:28] [32minfo[39m: [32mUser logged in successfully[39m
[2024-01-22 16:08:36] [32minfo[39m: [32m====loginUser Request initiated====[39m
[2024-01-22 16:08:37] [31merror[39m: [31mRequest failed with status code 400[39m
[2024-01-22 16:10:25] [32minfo[39m: [32m====loginUser Request initiated====[39m
[2024-01-22 16:10:26] [31merror[39m: [31mRequest failed with status code 400[39m
[2024-01-22 16:23:42] [32minfo[39m: [32m=====getCategories request initated====[39m
[2024-01-22 16:23:42] [31merror[39m: [31mCannot destructure property 'uid' of 'user' as it is undefined.[39m
[2024-01-22 16:24:27] [32minfo[39m: [32m=====getCategories request initated====[39m
[2024-01-22 16:24:27] [31merror[39m: [31mCannot destructure property 'uid' of 'user' as it is undefined.[39m
[2024-01-22 16:31:05] [32minfo[39m: [32m=====getCategories request initated====[39m
[2024-01-22 16:31:05] [31merror[39m: [31mCannot destructure property 'uid' of 'user' as it is undefined.[39m
[2024-01-22 16:47:17] [32minfo[39m: [32m=====getCategories request initated====[39m
[2024-01-22 16:47:17] [31merror[39m: [31mCannot destructure property 'uid' of 'user' as it is undefined.[39m
[2024-01-22 16:47:24] [32minfo[39m: [32m=====getCategories request initated====[39m
[2024-01-22 16:47:24] [31merror[39m: [31mCannot destructure property 'uid' of 'user' as it is undefined.[39m
[2024-01-22 16:47:27] [32minfo[39m: [32m=====getCategories request initated====[39m
[2024-01-22 16:47:27] [31merror[39m: [31mCannot destructure property 'uid' of 'user' as it is undefined.[39m
[2024-01-22 16:48:25] [32minfo[39m: [32m=====getCategories request initated====[39m
[2024-01-22 16:48:25] [31merror[39m: [31mCannot destructure property 'uid' of 'user' as it is undefined.[39m
[2024-01-22 16:58:54] [32minfo[39m: [32m=====getCategories request initated====[39m
[2024-01-22 16:58:54] [31merror[39m: [31mCannot destructure property 'uid' of 'user' as it is undefined.[39m
[2024-01-22 18:46:12] [32minfo[39m: [32m=====getCategories request initated====[39m
[2024-01-22 18:46:16] [32minfo[39m: [32mCategoried fetched successfully[39m
[2024-01-22 18:50:03] [32minfo[39m: [32m=====getCategories request initated====[39m
[2024-01-22 18:50:05] [32minfo[39m: [32mCategoried fetched successfully[39m
[2024-01-23 15:27:51] [32minfo[39m: [32m====loginUser Request initiated====[39m
[2024-01-23 15:28:12] [31merror[39m: [31mconnect ETIMEDOUT 142.250.194.170:443[39m
[2024-01-23 15:28:30] [32minfo[39m: [32m====loginUser Request initiated====[39m
[2024-01-23 15:28:51] [31merror[39m: [31mconnect ETIMEDOUT 142.250.194.170:443[39m
[2024-01-23 15:29:26] [32minfo[39m: [32m====loginUser Request initiated====[39m
[2024-01-23 15:30:03] [32minfo[39m: [32mUser logged in successfully[39m
[2024-01-23 15:30:36] [32minfo[39m: [32m=====createEventTicket request initated====[39m
[2024-01-23 15:30:37] [32minfo[39m: [32m=====uploadQRCode request intiated=====[39m
[2024-01-23 15:30:39] [31merror[39m: [31m5 NOT_FOUND: No document to update: projects/whats-tha-move-dev/databases/(default)/documents/eventtickets/NJQpdlrsYmhP08Nx4ycbcQv2Hpu1[39m
[2024-01-23 15:31:40] [32minfo[39m: [32m=====createEventTicket request initated====[39m
[2024-01-23 15:31:42] [32minfo[39m: [32m=====uploadQRCode request intiated=====[39m
[2024-01-23 15:31:43] [31merror[39m: [31m5 NOT_FOUND: No document to update: projects/whats-tha-move-dev/databases/(default)/documents/eventtickets/NJQpdlrsYmhP08Nx4ycbcQv2Hpu1[39m
[2024-01-23 15:34:32] [32minfo[39m: [32m=====createEventTicket request initated====[39m
[2024-01-23 15:34:34] [32minfo[39m: [32m=====uploadQRCode request intiated=====[39m
[2024-01-23 15:34:35] [31merror[39m: [31m5 NOT_FOUND: No document to update: projects/whats-tha-move-dev/databases/(default)/documents/eventtickets/NJQpdlrsYmhP08Nx4ycbcQv2Hpu1[39m
[2024-01-23 15:37:15] [32minfo[39m: [32m=====createEventTicket request initated====[39m
[2024-01-23 15:37:16] [32minfo[39m: [32m=====uploadQRCode request intiated=====[39m
[2024-01-23 15:37:18] [32minfo[39m: [32mEvent ticket created successfully[39m
[2024-01-25 22:39:21] [32minfo[39m: [32m====loginUser Request initiated====[39m
[2024-01-25 22:39:22] [31merror[39m: [31mRequest failed with status code 400[39m
[2024-01-25 22:40:04] [32minfo[39m: [32m====loginUser Request initiated====[39m
[2024-01-25 22:40:05] [31merror[39m: [31mRequest failed with status code 400[39m
[2024-01-25 22:41:45] [32minfo[39m: [32m====loginUser Request initiated====[39m
[2024-01-25 22:41:46] [31merror[39m: [31mRequest failed with status code 400[39m
[2024-01-25 22:43:28] [32minfo[39m: [32m====loginUser Request initiated====[39m
[2024-01-25 22:43:29] [32minfo[39m: [32mUser logged in successfully[39m
[2024-01-25 22:43:36] [32minfo[39m: [32m====loginUser Request initiated====[39m
[2024-01-25 22:43:37] [31merror[39m: [31mRequest failed with status code 400[39m
[2024-01-25 22:43:52] [32minfo[39m: [32m====loginUser Request initiated====[39m
[2024-01-25 22:43:53] [32minfo[39m: [32mUser logged in successfully[39m
[2024-01-25 22:44:26] [32minfo[39m: [32m=====getReviewes request initiated====[39m
[2024-01-25 22:44:27] [32minfo[39m: [32mReviews fetched successfully[39m
[2024-01-25 22:44:53] [32minfo[39m: [32m=====getComments request initiated====[39m
[2024-01-25 22:44:54] [32minfo[39m: [32mComments fetched successfully[39m
[2024-01-25 22:50:44] [32minfo[39m: [32m=====getReviewes request initiated====[39m
[2024-01-25 22:50:44] [32minfo[39m: [32mReviews fetched successfully[39m
[2024-01-25 22:51:05] [32minfo[39m: [32m=====createreview request initiated====[39m
[2024-01-25 22:51:11] [32minfo[39m: [32mReview created successfully[39m
[2024-01-25 22:51:17] [32minfo[39m: [32m=====getReviewes request initiated====[39m
[2024-01-25 22:51:18] [32minfo[39m: [32mReviews fetched successfully[39m
[2024-01-25 22:51:57] [32minfo[39m: [32m=====createComment request initiated====[39m
[2024-01-25 22:51:59] [32minfo[39m: [32mComment created successfully[39m
[2024-01-25 22:52:08] [32minfo[39m: [32m=====getComments request initiated====[39m
[2024-01-25 22:52:09] [32minfo[39m: [32mComments fetched successfully[39m
[2024-01-29 18:55:52] [32minfo[39m: [32m====loginUser Request initiated====[39m
[2024-01-29 18:55:53] [32minfo[39m: [32mUser logged in successfully[39m
[2024-01-29 18:59:02] [32minfo[39m: [32m=====getCategories request initiated====[39m
[2024-01-29 18:59:04] [32minfo[39m: [32mCategories fetched successfully[39m
[2024-01-29 19:11:41] [32minfo[39m: [32m=====getCategories request initiated====[39m
[2024-01-29 19:11:43] [32minfo[39m: [32mCategories fetched successfully[39m
[2024-01-29 19:15:43] [32minfo[39m: [32m=====getCategories request initiated====[39m
[2024-01-29 19:15:45] [32minfo[39m: [32mCategories fetched successfully[39m
[2024-01-29 19:17:16] [32minfo[39m: [32m=====getCategories request initiated====[39m
[2024-01-29 19:17:18] [32minfo[39m: [32mCategories fetched successfully[39m
[2024-01-29 19:19:26] [32minfo[39m: [32m=====getCategories request initiated====[39m
[2024-01-29 19:19:28] [32minfo[39m: [32mCategories fetched successfully[39m
[2024-01-29 19:19:43] [32minfo[39m: [32m=====getCategories request initiated====[39m
[2024-01-29 19:19:45] [32minfo[39m: [32mCategories fetched successfully[39m
[2024-01-29 22:09:26] [32minfo[39m: [32m====loginUser Request initiated====[39m
[2024-01-29 22:09:27] [32minfo[39m: [32mUser logged in successfully[39m
[2024-01-29 22:09:48] [32minfo[39m: [32m=====getSingleEvent request initiated====[39m
[2024-01-29 22:09:48] [31merror[39m: [31mValue for argument "documentPath" is not a valid resource path. Path must be a non-empty string.[39m
[2024-01-29 22:12:01] [32minfo[39m: [32m=====getSingleEvent request initiated====[39m
[2024-01-29 22:12:01] [32minfo[39m: [32mEvent fetched successfully[39m
[2024-01-29 22:18:09] [32minfo[39m: [32m=====getSingleEvent request initiated====[39m
[2024-01-29 22:18:09] [32minfo[39m: [32mEvent fetched successfully[39m
[2024-01-29 22:32:58] [32minfo[39m: [32m=====getSingleEvent request initiated====[39m
[2024-01-29 22:32:58] [32minfo[39m: [32mEvent fetched successfully[39m
[2024-01-29 22:34:48] [32minfo[39m: [32m=====getSingleEvent request initiated====[39m
[2024-01-29 22:34:49] [31merror[39m: [31meventData.createdAt.toDateString is not a function[39m
[2024-01-29 23:06:08] [32minfo[39m: [32m=====getSingleEvent request initiated====[39m
[2024-01-29 23:06:10] [32minfo[39m: [32mEvent fetched successfully[39m
[2024-01-29 23:07:08] [32minfo[39m: [32m=====getSingleEvent request initiated====[39m
[2024-01-29 23:07:08] [32minfo[39m: [32mEvent fetched successfully[39m
[2024-02-03 21:10:49] [32minfo[39m: [32m====loginUser Request initiated====[39m
[2024-02-03 21:10:50] [32minfo[39m: [32mUser logged in successfully[39m
[2024-02-03 21:11:24] [32minfo[39m: [32m=====getUserProfile request initiated====[39m
[2024-02-03 21:11:27] [32minfo[39m: [32mfetched user profile updated[39m
[2024-02-03 21:11:40] [32minfo[39m: [32m=====getBadges request initiated====[39m
[2024-02-03 21:11:41] [32minfo[39m: [32mBadges fetched successfully[39m
[2024-02-03 21:12:13] [32minfo[39m: [32m=====getComments request initiated====[39m
[2024-02-03 21:12:14] [32minfo[39m: [32mComments fetched successfully[39m
[2024-02-14 18:43:45] [32minfo[39m: [32m====loginUser Request initiated====[39m
[2024-02-14 18:43:46] [31merror[39m: [31mRequest failed with status code 400[39m
[2024-02-14 18:43:58] [32minfo[39m: [32m====loginUser Request initiated====[39m
[2024-02-14 18:43:58] [31merror[39m: [31mRequest failed with status code 400[39m
[2024-02-14 18:44:12] [32minfo[39m: [32m====loginUser Request initiated====[39m
[2024-02-14 18:44:13] [32minfo[39m: [32mUser logged in successfully[39m
[2024-02-14 18:59:15] [32minfo[39m: [32m=====createPost request initiated====[39m
[2024-02-14 18:59:16] [32minfo[39m: [32m=====uploadFile request initiated=====[39m
[2024-02-14 18:59:16] [31merror[39m: [31mCannot read properties of undefined (reading 'originalname')[39m
[2024-02-14 19:01:02] [32minfo[39m: [32m=====createPost request initiated====[39m
[2024-02-14 19:01:03] [32minfo[39m: [32m=====uploadFile request initiated=====[39m
[2024-02-14 19:01:03] [31merror[39m: [31mCannot read properties of undefined (reading 'originalname')[39m
[2024-02-22 12:49:31] [32minfo[39m: [32m====verifyToken Request initiated====[39m
[2024-02-22 12:49:31] [31merror[39m: [31mthis.firebaseApp.getAuth is not a function[39m
[2024-02-22 12:49:31] [32minfo[39m: [32m====verifyToken Request initiated====[39m
[2024-02-22 12:49:31] [31merror[39m: [31mthis.firebaseApp.getAuth is not a function[39m
[2024-02-22 12:49:51] [32minfo[39m: [32m====verifyToken Request initiated====[39m
[2024-02-22 12:49:51] [31merror[39m: [31mthis.firebaseApp.getAuth is not a function[39m
[2024-02-22 12:49:51] [32minfo[39m: [32m====verifyToken Request initiated====[39m
[2024-02-22 12:49:51] [31merror[39m: [31mthis.firebaseApp.getAuth is not a function[39m
[2024-02-22 12:53:10] [32minfo[39m: [32m====verifyToken Request initiated====[39m
[2024-02-22 12:53:10] [31merror[39m: [31mthis.firebaseApp.getAuth is not a function[39m
[2024-02-22 12:53:10] [32minfo[39m: [32m====verifyToken Request initiated====[39m
[2024-02-22 12:53:10] [31merror[39m: [31mthis.firebaseApp.getAuth is not a function[39m
[2024-02-22 18:12:27] [31merror[39m: [31mPlease enter a valid name[39m
[2024-02-22 18:13:18] [31merror[39m: [31mPlease enter a valid name[39m
[2024-02-22 18:14:01] [31merror[39m: [31mPlease enter a valid name[39m
[2024-02-22 18:16:49] [31merror[39m: [31mPlease enter a valid name[39m
[2024-02-22 18:21:52] [31merror[39m: [31mPlease enter a valid name[39m
[2024-02-22 18:22:43] [31merror[39m: [31mPlease enter a valid name[39m
[2024-02-22 18:23:37] [31merror[39m: [31mPlease enter a valid name[39m
[2024-02-22 18:24:51] [31merror[39m: [31mPlease enter a valid name[39m
[2024-02-22 18:33:17] [31merror[39m: [31mPlease enter a valid name[39m
[2024-02-22 18:34:36] [31merror[39m: [31mPlease enter a valid name[39m
[2024-02-22 18:35:54] [31merror[39m: [31mPlease enter a valid name[39m
[2024-02-22 18:37:40] [31merror[39m: [31mPlease enter a valid name[39m
[2024-02-22 18:41:31] [32minfo[39m: [32m====create Request initiated====[39m
[2024-02-22 18:41:31] [31merror[39m: [31mthis.firebaseApp.getAuth(...).createUser is not a function[39m
[2024-02-22 18:41:31] [31merror[39m: [31mPlease enter a valid name[39m
[2024-02-22 18:42:28] [32minfo[39m: [32m====create Request initiated====[39m
[2024-02-22 18:42:28] [31merror[39m: [31mthis.firebaseApp.getAuth(...).createUser is not a function[39m
[2024-02-22 18:42:28] [31merror[39m: [31mPlease enter a valid name[39m
[2024-02-22 18:42:28] [32minfo[39m: [32m====verifyToken Request initiated====[39m
[2024-02-22 18:42:28] [31merror[39m: [31mCannot read properties of undefined (reading 'verifyIdToken')[39m
[2024-02-22 18:42:28] [32minfo[39m: [32m====verifyToken Request initiated====[39m
[2024-02-22 18:42:28] [31merror[39m: [31mCannot read properties of undefined (reading 'verifyIdToken')[39m
[2024-02-22 18:47:40] [32minfo[39m: [32m====create Request initiated====[39m
[2024-02-22 18:47:40] [31merror[39m: [31mthis.firebaseApp.getAuth(...).createUser is not a function[39m
[2024-02-22 18:47:40] [31merror[39m: [31mPlease enter a valid name[39m
[2024-02-22 18:49:11] [32minfo[39m: [32m====create Request initiated====[39m
[2024-02-22 18:49:11] [31merror[39m: [31mthis.firebaseApp.getAuth(...).createUser is not a function[39m
[2024-02-22 18:49:11] [31merror[39m: [31mPlease enter a valid name[39m
[2024-02-22 18:49:11] [32minfo[39m: [32m====verifyToken Request initiated====[39m
[2024-02-22 18:49:11] [31merror[39m: [31mCannot read properties of undefined (reading 'verifyIdToken')[39m
[2024-02-22 18:49:38] [32minfo[39m: [32m====create Request initiated====[39m
[2024-02-22 18:49:38] [31merror[39m: [31mthis.firebaseApp.getAuth(...).createUser is not a function[39m
[2024-02-22 18:49:38] [31merror[39m: [31mPlease enter a valid name[39m
[2024-02-22 18:49:38] [32minfo[39m: [32m====verifyToken Request initiated====[39m
[2024-02-22 18:49:38] [31merror[39m: [31mCannot read properties of undefined (reading 'verifyIdToken')[39m
[2024-02-22 18:49:38] [32minfo[39m: [32m====verifyToken Request initiated====[39m
[2024-02-22 18:49:38] [31merror[39m: [31mCannot read properties of undefined (reading 'verifyIdToken')[39m
[2024-02-22 18:57:00] [32minfo[39m: [32m====create Request initiated====[39m
[2024-02-22 18:57:00] [31merror[39m: [31mthis.firebaseApp.getAuth(...).createUser is not a function[39m
[2024-02-22 18:57:00] [31merror[39m: [31mPlease enter a valid name[39m
[2024-02-22 18:57:00] [32minfo[39m: [32m====verifyToken Request initiated====[39m
[2024-02-22 18:57:00] [31merror[39m: [31mCannot read properties of undefined (reading 'verifyIdToken')[39m
[2024-02-22 18:57:00] [32minfo[39m: [32m====sendPasswordResetEmail Request initiated====[39m
[2024-02-22 18:57:00] [31merror[39m: [31mCannot read properties of undefined (reading 'getUserByEmail')[39m
[2024-02-22 18:57:00] [32minfo[39m: [32m====sendPasswordResetEmail Request initiated====[39m
[2024-02-22 18:57:00] [31merror[39m: [31mCannot read properties of undefined (reading 'getUserByEmail')[39m
[2024-02-22 18:57:38] [32minfo[39m: [32m====create Request initiated====[39m
[2024-02-22 18:57:38] [31merror[39m: [31mthis.firebaseApp.getAuth(...).createUser is not a function[39m
[2024-02-22 18:57:38] [31merror[39m: [31mPlease enter a valid name[39m
[2024-02-22 18:57:38] [32minfo[39m: [32m====verifyToken Request initiated====[39m
[2024-02-22 18:57:38] [31merror[39m: [31mCannot read properties of undefined (reading 'verifyIdToken')[39m
[2024-02-22 18:57:38] [32minfo[39m: [32m====sendPasswordResetEmail Request initiated====[39m
[2024-02-22 18:57:38] [31merror[39m: [31mCannot read properties of undefined (reading 'getUserByEmail')[39m
[2024-02-22 18:57:38] [32minfo[39m: [32m====sendPasswordResetEmail Request initiated====[39m
[2024-02-22 18:57:38] [31merror[39m: [31mCannot read properties of undefined (reading 'getUserByEmail')[39m
[2024-02-22 18:58:10] [32minfo[39m: [32m====create Request initiated====[39m
[2024-02-22 18:58:10] [31merror[39m: [31mthis.firebaseApp.getAuth(...).createUser is not a function[39m
[2024-02-22 18:58:10] [31merror[39m: [31mPlease enter a valid name[39m
[2024-02-22 18:58:10] [32minfo[39m: [32m====verifyToken Request initiated====[39m
[2024-02-22 18:58:10] [31merror[39m: [31mthis.firebaseApp.getAuth(...).verifyIdToken is not a function[39m
[2024-02-22 18:58:10] [32minfo[39m: [32m====sendPasswordResetEmail Request initiated====[39m
[2024-02-22 18:58:10] [31merror[39m: [31mUser with email not found[39m
[2024-02-22 18:58:10] [32minfo[39m: [32m====sendPasswordResetEmail Request initiated====[39m
[2024-02-22 18:58:10] [31merror[39m: [31mUser with email not found[39m
[2024-02-22 18:59:28] [32minfo[39m: [32m====create Request initiated====[39m
[2024-02-22 18:59:28] [31merror[39m: [31mthis.firebaseApp.getAuth(...).createUser is not a function[39m
[2024-02-22 18:59:28] [31merror[39m: [31mPlease enter a valid name[39m
[2024-02-22 18:59:28] [32minfo[39m: [32m====verifyToken Request initiated====[39m
[2024-02-22 18:59:28] [31merror[39m: [31mthis.firebaseApp.getAuth(...).verifyIdToken is not a function[39m
[2024-02-22 18:59:28] [32minfo[39m: [32m====sendPasswordResetEmail Request initiated====[39m
[2024-02-22 18:59:28] [31merror[39m: [31mUser with email not found[39m
[2024-02-22 18:59:28] [32minfo[39m: [32m====sendPasswordResetEmail Request initiated====[39m
[2024-02-22 18:59:28] [31merror[39m: [31mUser with email not found[39m
[2024-02-22 18:59:28] [32minfo[39m: [32m====sendPasswordResetEmail Request initiated====[39m
[2024-02-22 18:59:28] [31merror[39m: [31mUser with email not found[39m
[2024-02-22 19:01:21] [32minfo[39m: [32m====create Request initiated====[39m
[2024-02-22 19:01:21] [31merror[39m: [31mthis.firebaseApp.getAuth(...).createUser is not a function[39m
[2024-02-22 19:01:21] [31merror[39m: [31mPlease enter a valid name[39m
[2024-02-22 19:01:21] [32minfo[39m: [32m====verifyToken Request initiated====[39m
[2024-02-22 19:01:21] [31merror[39m: [31mthis.firebaseApp.getAuth(...).verifyIdToken is not a function[39m
[2024-02-22 19:01:21] [32minfo[39m: [32m====sendPasswordResetEmail Request initiated====[39m
[2024-02-22 19:01:21] [31merror[39m: [31mUser with email not found[39m
[2024-02-22 19:01:21] [32minfo[39m: [32m====sendPasswordResetEmail Request initiated====[39m
[2024-02-22 19:01:21] [31merror[39m: [31mUser with email not found[39m
[2024-02-22 19:01:21] [32minfo[39m: [32m====sendPasswordResetEmail Request initiated====[39m
[2024-02-22 19:01:21] [31merror[39m: [31mUser with email not found[39m
[2024-02-22 19:02:53] [32minfo[39m: [32m====create Request initiated====[39m
[2024-02-22 19:02:53] [31merror[39m: [31mthis.firebaseApp.getAuth(...).createUser is not a function[39m
[2024-02-22 19:02:53] [31merror[39m: [31mPlease enter a valid name[39m
[2024-02-22 19:02:53] [32minfo[39m: [32m====verifyToken Request initiated====[39m
[2024-02-22 19:02:53] [31merror[39m: [31mthis.firebaseApp.getAuth(...).verifyIdToken is not a function[39m
[2024-02-22 19:02:53] [32minfo[39m: [32m====sendPasswordResetEmail Request initiated====[39m
[2024-02-22 19:02:53] [31merror[39m: [31mUser with email not found[39m
[2024-02-22 19:02:53] [32minfo[39m: [32m====sendPasswordResetEmail Request initiated====[39m
[2024-02-22 19:02:53] [31merror[39m: [31mUser with email not found[39m
[2024-02-22 19:02:53] [32minfo[39m: [32m====sendPasswordResetEmail Request initiated====[39m
[2024-02-22 19:02:53] [31merror[39m: [31mUser with email not found[39m
[2024-02-22 19:03:07] [32minfo[39m: [32m====create Request initiated====[39m
[2024-02-22 19:03:07] [31merror[39m: [31mthis.firebaseApp.getAuth(...).createUser is not a function[39m
[2024-02-22 19:03:07] [31merror[39m: [31mPlease enter a valid name[39m
[2024-02-22 19:03:07] [32minfo[39m: [32m====verifyToken Request initiated====[39m
[2024-02-22 19:03:07] [31merror[39m: [31mthis.firebaseApp.getAuth(...).verifyIdToken is not a function[39m
[2024-02-22 19:03:07] [32minfo[39m: [32m====sendPasswordResetEmail Request initiated====[39m
[2024-02-22 19:03:07] [31merror[39m: [31mUser with email not found[39m
[2024-02-22 19:03:07] [32minfo[39m: [32m====sendPasswordResetEmail Request initiated====[39m
[2024-02-22 19:03:07] [31merror[39m: [31mUser with email not found[39m
[2024-02-22 19:03:07] [32minfo[39m: [32m====sendPasswordResetEmail Request initiated====[39m
[2024-02-22 19:03:07] [31merror[39m: [31mUser with email not found[39m
[2024-02-22 19:03:07] [32minfo[39m: [32m====getRoles Request initiated====[39m
[2024-02-22 19:03:07] [31merror[39m: [31mCannot read properties of undefined (reading 'then')[39m
[2024-02-22 19:04:45] [32minfo[39m: [32m====create Request initiated====[39m
[2024-02-22 19:04:45] [31merror[39m: [31mthis.firebaseApp.getAuth(...).createUser is not a function[39m
[2024-02-22 19:04:45] [31merror[39m: [31mPlease enter a valid name[39m
[2024-02-22 19:04:45] [32minfo[39m: [32m====verifyToken Request initiated====[39m
[2024-02-22 19:04:45] [31merror[39m: [31mthis.firebaseApp.getAuth(...).verifyIdToken is not a function[39m
[2024-02-22 19:04:45] [32minfo[39m: [32m====sendPasswordResetEmail Request initiated====[39m
[2024-02-22 19:04:45] [31merror[39m: [31mUser with email not found[39m
[2024-02-22 19:04:45] [32minfo[39m: [32m====sendPasswordResetEmail Request initiated====[39m
[2024-02-22 19:04:45] [31merror[39m: [31mUser with email not found[39m
[2024-02-22 19:04:45] [32minfo[39m: [32m====sendPasswordResetEmail Request initiated====[39m
[2024-02-22 19:04:45] [31merror[39m: [31mUser with email not found[39m
[2024-02-22 19:04:45] [32minfo[39m: [32m====getRoles Request initiated====[39m
[2024-02-22 19:04:45] [31merror[39m: [31mCannot read properties of undefined (reading 'then')[39m
[2024-02-22 19:04:45] [32minfo[39m: [32m====getRoles Request initiated====[39m
[2024-02-22 19:04:45] [31merror[39m: [31mCannot read properties of undefined (reading 'then')[39m
[2024-02-22 19:05:20] [32minfo[39m: [32m====create Request initiated====[39m
[2024-02-22 19:05:20] [31merror[39m: [31mthis.firebaseApp.getAuth(...).createUser is not a function[39m
[2024-02-22 19:05:20] [31merror[39m: [31mPlease enter a valid name[39m
[2024-02-22 19:05:20] [32minfo[39m: [32m====verifyToken Request initiated====[39m
[2024-02-22 19:05:20] [31merror[39m: [31mthis.firebaseApp.getAuth(...).verifyIdToken is not a function[39m
[2024-02-22 19:05:20] [32minfo[39m: [32m====sendPasswordResetEmail Request initiated====[39m
[2024-02-22 19:05:20] [31merror[39m: [31mUser with email not found[39m
[2024-02-22 19:05:20] [32minfo[39m: [32m====sendPasswordResetEmail Request initiated====[39m
[2024-02-22 19:05:20] [31merror[39m: [31mUser with email not found[39m
[2024-02-22 19:05:20] [32minfo[39m: [32m====sendPasswordResetEmail Request initiated====[39m
[2024-02-22 19:05:20] [31merror[39m: [31mUser with email not found[39m
[2024-02-22 19:05:20] [32minfo[39m: [32m====getRoles Request initiated====[39m
[2024-02-22 19:05:20] [31merror[39m: [31mCannot read properties of undefined (reading 'then')[39m
[2024-02-22 19:05:20] [32minfo[39m: [32m====getRoles Request initiated====[39m
[2024-02-22 19:05:20] [31merror[39m: [31mCannot read properties of undefined (reading 'then')[39m
[2024-02-22 19:12:49] [32minfo[39m: [32m====create Request initiated====[39m
[2024-02-22 19:12:49] [31merror[39m: [31mthis.firebaseApp.getAuth(...).createUser is not a function[39m
[2024-02-22 19:12:49] [31merror[39m: [31mPlease enter a valid name[39m
[2024-02-22 19:12:49] [32minfo[39m: [32m====verifyToken Request initiated====[39m
[2024-02-22 19:12:49] [32minfo[39m: [32m====sendPasswordResetEmail Request initiated====[39m
[2024-02-22 19:12:49] [31merror[39m: [31mUser with email not found[39m
[2024-02-22 19:12:49] [32minfo[39m: [32m====sendPasswordResetEmail Request initiated====[39m
[2024-02-22 19:12:49] [31merror[39m: [31mUser with email not found[39m
[2024-02-22 19:12:49] [32minfo[39m: [32m====sendPasswordResetEmail Request initiated====[39m
[2024-02-22 19:12:49] [31merror[39m: [31mUser with email not found[39m
[2024-02-22 19:12:49] [32minfo[39m: [32m====getRoles Request initiated====[39m
[2024-02-22 19:12:49] [31merror[39m: [31mCannot read properties of undefined (reading 'then')[39m
[2024-02-22 19:12:49] [32minfo[39m: [32m====getRoles Request initiated====[39m
[2024-02-22 19:12:49] [31merror[39m: [31mCannot read properties of undefined (reading 'then')[39m
[2024-02-22 19:25:42] [32minfo[39m: [32m====create Request initiated====[39m
[2024-02-22 19:25:42] [31merror[39m: [31mthis.firebaseApp.getAuth(...).createUser is not a function[39m
[2024-02-23 16:23:37] [32minfo[39m: [32m====create Request initiated====[39m
[2024-02-23 16:23:37] [31merror[39m: [31mthis.firebaseApp.getAuth(...).createUser is not a function[39m
[2024-02-23 16:41:37] [32minfo[39m: [32m====create Request initiated====[39m
[2024-02-23 16:41:37] [31merror[39m: [31mthis.firebaseApp.getAuth(...).createUser is not a function[39m
[2024-02-28 17:02:31] [32minfo[39m: [32m====loginUser Request initiated====[39m
[2024-02-28 17:02:32] [31merror[39m: [31mRequest failed with status code 400[39m
[2024-02-28 17:03:51] [32minfo[39m: [32m====create Request initiated====[39m
[2024-02-28 17:03:56] [32minfo[39m: [32mUser fetched from User collection[39m
[2024-02-28 17:03:57] [32minfo[39m: [32m=====uploadQRCode request initiated=====[39m
[2024-02-28 17:03:57] [32minfo[39m: [32mUser registered successfully[39m
[2024-02-28 17:04:25] [32minfo[39m: [32m====loginUser Request initiated====[39m
[2024-02-28 17:04:26] [32minfo[39m: [32mUser logged in successfully[39m
[2024-02-28 17:05:09] [32minfo[39m: [32m=====getUserProfile request initiated====[39m
[2024-02-28 17:05:12] [32minfo[39m: [32mfetched user profile updated[39m
[2024-02-28 17:11:35] [32minfo[39m: [32m=====getUserProfile request initiated====[39m
[2024-02-28 17:11:35] [31merror[39m: [31mthis.firebaseApp.getAuth(...).getUser is not a function[39m
[2024-02-28 17:16:00] [32minfo[39m: [32m=====getUserProfile request initiated====[39m
[2024-02-28 17:16:00] [31merror[39m: [31mthis.firebaseApp.getAuth(...).getUser is not a function[39m
[2024-02-28 17:16:00] [32minfo[39m: [32m=====getUserProfile request initiated====[39m
[2024-02-28 17:16:00] [31merror[39m: [31mthis.firebaseApp.getAuth(...).getUser is not a function[39m
[2024-02-28 17:16:57] [32minfo[39m: [32m=====getUserProfile request initiated====[39m
[2024-02-28 17:16:57] [31merror[39m: [31mthis.firebaseApp.getAuth(...).getUser is not a function[39m
[2024-02-28 17:16:57] [32minfo[39m: [32m=====getUserProfile request initiated====[39m
[2024-02-28 17:16:57] [31merror[39m: [31mthis.firebaseApp.getAuth(...).getUser is not a function[39m
[2024-02-28 20:56:32] [32minfo[39m: [32m====loginUser Request initiated====[39m
[2024-02-28 20:56:52] [32minfo[39m: [32m====loginUser Request initiated====[39m
[2024-02-28 20:56:54] [31merror[39m: [31mconnect ETIMEDOUT 142.250.206.106:443[39m
[2024-02-28 20:57:13] [31merror[39m: [31mconnect ETIMEDOUT 142.250.206.106:443[39m
[2024-02-28 20:57:18] [32minfo[39m: [32m====loginUser Request initiated====[39m
[2024-02-28 20:57:39] [31merror[39m: [31mconnect ETIMEDOUT 142.250.206.106:443[39m
[2024-02-28 20:57:49] [32minfo[39m: [32m====loginUser Request initiated====[39m
[2024-02-28 20:58:10] [31merror[39m: [31mconnect ETIMEDOUT 142.250.206.106:443[39m
[2024-02-28 21:00:02] [32minfo[39m: [32m====loginUser Request initiated====[39m
[2024-02-28 21:00:23] [31merror[39m: [31mconnect ETIMEDOUT 142.250.206.138:443[39m
[2024-02-28 21:00:43] [32minfo[39m: [32m====loginUser Request initiated====[39m
[2024-02-28 21:01:04] [31merror[39m: [31mconnect ETIMEDOUT 142.250.206.138:443[39m
[2024-03-01 11:48:49] [32minfo[39m: [32m====loginUser Request initiated====[39m
[2024-03-01 11:48:50] [31merror[39m: [31mRequest failed with status code 400[39m
[2024-03-01 11:49:02] [32minfo[39m: [32m====loginUser Request initiated====[39m
[2024-03-01 11:49:03] [31merror[39m: [31mRequest failed with status code 400[39m
[2024-03-01 11:49:18] [32minfo[39m: [32m====loginUser Request initiated====[39m
[2024-03-01 11:49:19] [31merror[39m: [31mRequest failed with status code 400[39m
[2024-03-01 11:49:58] [32minfo[39m: [32m====getRoles Request initiated====[39m
[2024-03-01 11:50:00] [32minfo[39m: [32mFetched roles successfully[39m
[2024-03-01 11:50:15] [32minfo[39m: [32m====create Request initiated====[39m
[2024-03-01 11:50:18] [32minfo[39m: [32mUser fetched from User collection[39m
[2024-03-01 11:50:19] [32minfo[39m: [32mUser registered successfully[39m
[2024-03-01 11:50:54] [32minfo[39m: [32m====loginUser Request initiated====[39m
[2024-03-01 11:50:54] [32minfo[39m: [32mUser logged in successfully[39m
[2024-03-01 12:04:43] [32minfo[39m: [32m====create Request initiated====[39m
[2024-03-01 12:04:47] [32minfo[39m: [32mUser fetched from User collection[39m
[2024-03-01 12:04:48] [32minfo[39m: [32m=====uploadQRCode request initiated=====[39m
[2024-03-01 12:04:49] [32minfo[39m: [32mUser registered successfully[39m
[2024-03-01 12:04:56] [32minfo[39m: [32m====loginUser Request initiated====[39m
[2024-03-01 12:04:56] [32minfo[39m: [32mUser logged in successfully[39m
[2024-03-01 12:12:00] [32minfo[39m: [32m=====getCategories request initiated====[39m
[2024-03-01 12:12:03] [32minfo[39m: [32mCategories fetched successfully[39m
[2024-03-01 12:16:38] [32minfo[39m: [32m=====getCategories request initiated====[39m
[2024-03-01 12:16:38] [31merror[39m: [31mCannot read property 'forEach' of undefined[39m
[2024-03-01 12:21:08] [32minfo[39m: [32m=====getCategories request initiated====[39m
[2024-03-01 12:21:08] [31merror[39m: [31mCannot read property 'forEach' of undefined[39m
[2024-03-01 12:21:08] [32minfo[39m: [32m=====getCategories request initiated====[39m
[2024-03-01 12:21:08] [31merror[39m: [31mCannot read property 'forEach' of undefined[39m
[2024-03-01 12:23:43] [32minfo[39m: [32m=====getCategories request initiated====[39m
[2024-03-01 12:23:43] [31merror[39m: [31mCannot read property 'forEach' of undefined[39m
[2024-03-01 12:23:43] [32minfo[39m: [32m=====getCategories request initiated====[39m
[2024-03-01 12:23:43] [31merror[39m: [31mCannot read property 'forEach' of undefined[39m
[2024-03-01 12:23:43] [32minfo[39m: [32m=====getBadges request initiated====[39m
[2024-03-01 12:23:43] [31merror[39m: [31mCannot read property 'forEach' of undefined[39m
[2024-03-01 12:23:43] [32minfo[39m: [32m=====getBadges request initiated====[39m
[2024-03-01 12:23:43] [31merror[39m: [31mCannot read property 'forEach' of undefined[39m
[2024-03-01 12:56:35] [32minfo[39m: [32m=====getCategories request initiated====[39m
[2024-03-01 12:56:35] [31merror[39m: [31mCannot read property 'forEach' of undefined[39m
[2024-03-01 12:56:35] [32minfo[39m: [32m=====getCategories request initiated====[39m
[2024-03-01 12:56:35] [31merror[39m: [31mCannot read property 'forEach' of undefined[39m
[2024-03-01 12:56:36] [32minfo[39m: [32m=====getBadges request initiated====[39m
[2024-03-01 12:56:36] [31merror[39m: [31mCannot read property 'forEach' of undefined[39m
[2024-03-01 12:56:36] [32minfo[39m: [32m=====getBadges request initiated====[39m
[2024-03-01 12:56:36] [31merror[39m: [31mCannot read property 'forEach' of undefined[39m
[2024-03-01 12:56:36] [32minfo[39m: [32m=====createEvent request initiated====[39m
[2024-03-01 12:56:36] [31merror[39m: [31mthis.firebaseApp.getAuth(...).getUser is not a function[39m
[2024-03-01 12:56:36] [32minfo[39m: [32m=====getBadges request initiated====[39m
[2024-03-01 12:56:36] [31merror[39m: [31mCannot read property 'forEach' of undefined[39m
[2024-03-01 12:57:44] [32minfo[39m: [32m=====getCategories request initiated====[39m
[2024-03-01 12:57:44] [31merror[39m: [31mCannot read property 'forEach' of undefined[39m
[2024-03-01 12:57:44] [32minfo[39m: [32m=====getCategories request initiated====[39m
[2024-03-01 12:57:44] [31merror[39m: [31mCannot read property 'forEach' of undefined[39m
[2024-03-01 12:57:44] [32minfo[39m: [32m=====getBadges request initiated====[39m
[2024-03-01 12:57:44] [31merror[39m: [31mCannot read property 'forEach' of undefined[39m
[2024-03-01 12:57:44] [32minfo[39m: [32m=====getBadges request initiated====[39m
[2024-03-01 12:57:44] [31merror[39m: [31mCannot read property 'forEach' of undefined[39m
[2024-03-01 12:57:44] [32minfo[39m: [32m=====createEvent request initiated====[39m
[2024-03-01 12:57:44] [31merror[39m: [31mthis.firebaseApp.getAuth(...).getUser is not a function[39m
[2024-03-01 12:57:44] [32minfo[39m: [32m=====createEvent request initiated====[39m
[2024-03-01 12:57:44] [31merror[39m: [31mthis.firebaseApp.getAuth(...).getUser is not a function[39m
[2024-03-01 13:13:40] [32minfo[39m: [32m=====getCategories request initiated====[39m
[2024-03-01 13:13:40] [31merror[39m: [31mCannot read property 'forEach' of undefined[39m
[2024-03-01 13:13:40] [32minfo[39m: [32m=====getCategories request initiated====[39m
[2024-03-01 13:13:40] [31merror[39m: [31mCannot read property 'forEach' of undefined[39m
[2024-03-01 13:13:40] [32minfo[39m: [32m=====getBadges request initiated====[39m
[2024-03-01 13:13:40] [31merror[39m: [31mCannot read property 'forEach' of undefined[39m
[2024-03-01 13:13:40] [32minfo[39m: [32m=====getBadges request initiated====[39m
[2024-03-01 13:13:40] [31merror[39m: [31mCannot read property 'forEach' of undefined[39m
[2024-03-01 13:13:40] [32minfo[39m: [32m=====createEvent request initiated====[39m
[2024-03-01 13:13:40] [31merror[39m: [31mthis.firebaseApp.getAuth(...).getUser is not a function[39m
[2024-03-01 13:13:40] [32minfo[39m: [32m=====createEvent request initiated====[39m
[2024-03-01 13:13:40] [31merror[39m: [31mthis.firebaseApp.getAuth(...).getUser is not a function[39m
[2024-03-01 13:13:40] [32minfo[39m: [32m=====udpateEvent request initiated====[39m
[2024-03-01 13:13:40] [31merror[39m: [31mthis.firebaseApp.getAuth(...).getUser is not a function[39m
[2024-03-01 13:13:40] [32minfo[39m: [32m=====udpateEvent request initiated====[39m
[2024-03-01 13:13:40] [31merror[39m: [31mthis.firebaseApp.getAuth(...).getUser is not a function[39m
[2024-03-01 13:14:07] [32minfo[39m: [32m=====getCategories request initiated====[39m
[2024-03-01 13:14:07] [31merror[39m: [31mCannot read property 'forEach' of undefined[39m
[2024-03-01 13:14:07] [32minfo[39m: [32m=====getCategories request initiated====[39m
[2024-03-01 13:14:07] [31merror[39m: [31mCannot read property 'forEach' of undefined[39m
[2024-03-01 13:14:07] [32minfo[39m: [32m=====getBadges request initiated====[39m
[2024-03-01 13:14:07] [31merror[39m: [31mCannot read property 'forEach' of undefined[39m
[2024-03-01 13:14:07] [32minfo[39m: [32m=====getBadges request initiated====[39m
[2024-03-01 13:14:07] [31merror[39m: [31mCannot read property 'forEach' of undefined[39m
[2024-03-01 13:14:07] [32minfo[39m: [32m=====createEvent request initiated====[39m
[2024-03-01 13:14:07] [31merror[39m: [31mthis.firebaseApp.getAuth(...).getUser is not a function[39m
[2024-03-01 13:14:07] [32minfo[39m: [32m=====createEvent request initiated====[39m
[2024-03-01 13:14:07] [31merror[39m: [31mthis.firebaseApp.getAuth(...).getUser is not a function[39m
[2024-03-01 13:14:07] [32minfo[39m: [32m=====udpateEvent request initiated====[39m
[2024-03-01 13:14:07] [31merror[39m: [31mthis.firebaseApp.getAuth(...).getUser is not a function[39m
[2024-03-01 13:14:07] [32minfo[39m: [32m=====udpateEvent request initiated====[39m
[2024-03-01 13:14:07] [31merror[39m: [31mthis.firebaseApp.getAuth(...).getUser is not a function[39m
[2024-03-01 13:18:45] [32minfo[39m: [32m=====getCategories request initiated====[39m
[2024-03-01 13:18:46] [31merror[39m: [31mCannot read property 'forEach' of undefined[39m
[2024-03-01 13:18:46] [32minfo[39m: [32m=====getCategories request initiated====[39m
[2024-03-01 13:18:46] [31merror[39m: [31mCannot read property 'forEach' of undefined[39m
[2024-03-01 13:18:46] [32minfo[39m: [32m=====getBadges request initiated====[39m
[2024-03-01 13:18:46] [31merror[39m: [31mCannot read property 'forEach' of undefined[39m
[2024-03-01 13:18:46] [32minfo[39m: [32m=====getBadges request initiated====[39m
[2024-03-01 13:18:46] [31merror[39m: [31mCannot read property 'forEach' of undefined[39m
[2024-03-01 13:18:46] [32minfo[39m: [32m=====createEvent request initiated====[39m
[2024-03-01 13:18:46] [31merror[39m: [31mthis.firebaseApp.getAuth(...).getUser is not a function[39m
[2024-03-01 13:18:46] [32minfo[39m: [32m=====createEvent request initiated====[39m
[2024-03-01 13:18:46] [31merror[39m: [31mthis.firebaseApp.getAuth(...).getUser is not a function[39m
[2024-03-01 13:18:46] [32minfo[39m: [32m=====udpateEvent request initiated====[39m
[2024-03-01 13:18:46] [31merror[39m: [31mthis.firebaseApp.getAuth(...).getUser is not a function[39m
[2024-03-01 13:18:46] [32minfo[39m: [32m=====udpateEvent request initiated====[39m
[2024-03-01 13:18:46] [31merror[39m: [31mthis.firebaseApp.getAuth(...).getUser is not a function[39m
[2024-03-01 13:18:46] [32minfo[39m: [32m=====getSingleEvent request initiated====[39m
[2024-03-01 13:18:46] [31merror[39m: [31mCannot read property 'exists' of undefined[39m
[2024-03-01 14:50:55] [32minfo[39m: [32m=====getCategories request initiated====[39m
[2024-03-01 14:50:55] [31merror[39m: [31mCannot read property 'forEach' of undefined[39m
[2024-03-01 14:50:55] [32minfo[39m: [32m=====getCategories request initiated====[39m
[2024-03-01 14:50:55] [31merror[39m: [31mCannot read property 'forEach' of undefined[39m
[2024-03-01 14:50:55] [32minfo[39m: [32m=====getBadges request initiated====[39m
[2024-03-01 14:50:55] [31merror[39m: [31mCannot read property 'forEach' of undefined[39m
[2024-03-01 14:50:55] [32minfo[39m: [32m=====getBadges request initiated====[39m
[2024-03-01 14:50:55] [31merror[39m: [31mCannot read property 'forEach' of undefined[39m
[2024-03-01 14:50:55] [32minfo[39m: [32m=====createEvent request initiated====[39m
[2024-03-01 14:50:55] [31merror[39m: [31mthis.firebaseApp.getAuth(...).getUser is not a function[39m
[2024-03-01 14:50:55] [32minfo[39m: [32m=====createEvent request initiated====[39m
[2024-03-01 14:50:55] [31merror[39m: [31mthis.firebaseApp.getAuth(...).getUser is not a function[39m
[2024-03-01 14:50:55] [32minfo[39m: [32m=====udpateEvent request initiated====[39m
[2024-03-01 14:50:55] [31merror[39m: [31mthis.firebaseApp.getAuth(...).getUser is not a function[39m
[2024-03-01 14:50:55] [32minfo[39m: [32m=====udpateEvent request initiated====[39m
[2024-03-01 14:50:55] [31merror[39m: [31mthis.firebaseApp.getAuth(...).getUser is not a function[39m
[2024-03-01 14:50:55] [32minfo[39m: [32m=====getSingleEvent request initiated====[39m
[2024-03-01 14:50:55] [31merror[39m: [31mCannot read property 'exists' of undefined[39m
[2024-03-01 16:07:01] [32minfo[39m: [32m=====getCategories request initiated====[39m
[2024-03-01 16:07:01] [31merror[39m: [31mCannot read property 'forEach' of undefined[39m
[2024-03-01 16:07:01] [32minfo[39m: [32m=====getCategories request initiated====[39m
[2024-03-01 16:07:01] [31merror[39m: [31mCannot read property 'forEach' of undefined[39m
[2024-03-01 16:07:01] [32minfo[39m: [32m=====getBadges request initiated====[39m
[2024-03-01 16:07:01] [31merror[39m: [31mCannot read property 'forEach' of undefined[39m
[2024-03-01 16:07:01] [32minfo[39m: [32m=====getBadges request initiated====[39m
[2024-03-01 16:07:01] [31merror[39m: [31mCannot read property 'forEach' of undefined[39m
[2024-03-01 16:07:01] [32minfo[39m: [32m=====createEvent request initiated====[39m
[2024-03-01 16:07:01] [31merror[39m: [31mthis.firebaseApp.getAuth(...).getUser is not a function[39m
[2024-03-01 16:07:01] [32minfo[39m: [32m=====createEvent request initiated====[39m
[2024-03-01 16:07:01] [31merror[39m: [31mthis.firebaseApp.getAuth(...).getUser is not a function[39m
[2024-03-01 16:07:01] [32minfo[39m: [32m=====udpateEvent request initiated====[39m
[2024-03-01 16:07:01] [31merror[39m: [31mthis.firebaseApp.getAuth(...).getUser is not a function[39m
[2024-03-01 16:07:01] [32minfo[39m: [32m=====udpateEvent request initiated====[39m
[2024-03-01 16:07:01] [31merror[39m: [31mthis.firebaseApp.getAuth(...).getUser is not a function[39m
[2024-03-01 16:07:01] [32minfo[39m: [32m=====getSingleEvent request initiated====[39m
[2024-03-01 16:07:01] [31merror[39m: [31mCannot read property 'exists' of undefined[39m
[2024-03-01 16:14:28] [32minfo[39m: [32m=====createEventTicket request initated====[39m
[2024-03-01 16:14:29] [32minfo[39m: [32m=====uploadQRCode request initiated=====[39m
[2024-03-01 16:14:32] [32minfo[39m: [32mEvent ticket created successfully[39m
[2024-03-01 16:15:12] [32minfo[39m: [32m=====getCategories request initiated====[39m
[2024-03-01 16:15:12] [31merror[39m: [31mCannot read property 'forEach' of undefined[39m
[2024-03-01 16:15:12] [32minfo[39m: [32m=====getCategories request initiated====[39m
[2024-03-01 16:15:12] [31merror[39m: [31mCannot read property 'forEach' of undefined[39m
[2024-03-01 16:15:12] [32minfo[39m: [32m=====getBadges request initiated====[39m
[2024-03-01 16:15:12] [31merror[39m: [31mCannot read property 'forEach' of undefined[39m
[2024-03-01 16:15:12] [32minfo[39m: [32m=====getBadges request initiated====[39m
[2024-03-01 16:15:12] [31merror[39m: [31mCannot read property 'forEach' of undefined[39m
[2024-03-01 16:15:12] [32minfo[39m: [32m=====createEvent request initiated====[39m
[2024-03-01 16:15:12] [31merror[39m: [31mthis.firebaseApp.getAuth(...).getUser is not a function[39m
[2024-03-01 16:15:12] [32minfo[39m: [32m=====createEvent request initiated====[39m
[2024-03-01 16:15:12] [31merror[39m: [31mthis.firebaseApp.getAuth(...).getUser is not a function[39m
[2024-03-01 16:15:12] [32minfo[39m: [32m=====udpateEvent request initiated====[39m
[2024-03-01 16:15:12] [31merror[39m: [31mthis.firebaseApp.getAuth(...).getUser is not a function[39m
[2024-03-01 16:15:12] [32minfo[39m: [32m=====udpateEvent request initiated====[39m
[2024-03-01 16:15:12] [31merror[39m: [31mthis.firebaseApp.getAuth(...).getUser is not a function[39m
[2024-03-01 16:15:12] [32minfo[39m: [32m=====getSingleEvent request initiated====[39m
[2024-03-01 16:15:12] [31merror[39m: [31mCannot read property 'exists' of undefined[39m
[2024-03-01 16:15:12] [32minfo[39m: [32m=====createEventTicket request initated====[39m
[2024-03-01 16:15:12] [31merror[39m: [31mthis.firebaseApp.getAuth(...).getUser is not a function[39m
[2024-03-01 16:20:34] [32minfo[39m: [32mItem fetched successfully[39m
[2024-03-01 16:20:34] [31merror[39m: [31mUpdate() requires either a single JavaScript object or an alternating list of field/value pairs that can be followed by an optional precondition. Value for argument "dataOrField" is not a valid Firestore document. Couldn't serialize object of type "Firestore" (found in field "_firestore"). Firestore doesn't support JavaScript objects with custom prototypes (i.e. objects that were created via the "new" operator).[39m
[2024-03-01 16:21:01] [32minfo[39m: [32mItem fetched successfully[39m
[2024-03-01 16:21:02] [31merror[39m: [31mUpdate() requires either a single JavaScript object or an alternating list of field/value pairs that can be followed by an optional precondition. Value for argument "dataOrField" is not a valid Firestore document. Couldn't serialize object of type "Firestore" (found in field "_firestore"). Firestore doesn't support JavaScript objects with custom prototypes (i.e. objects that were created via the "new" operator).[39m
[2024-03-01 16:22:20] [32minfo[39m: [32mItem fetched successfully[39m
[2024-03-01 16:22:20] [31merror[39m: [31mUpdate() requires either a single JavaScript object or an alternating list of field/value pairs that can be followed by an optional precondition. Value for argument "dataOrField" is not a valid Firestore document. Couldn't serialize object of type "Firestore" (found in field "_firestore"). Firestore doesn't support JavaScript objects with custom prototypes (i.e. objects that were created via the "new" operator).[39m
[2024-03-01 16:28:53] [32minfo[39m: [32mItem fetched successfully[39m
[2024-03-01 16:28:54] [31merror[39m: [31mUpdate() requires either a single JavaScript object or an alternating list of field/value pairs that can be followed by an optional precondition. Value for argument "dataOrField" is not a valid Firestore document. Couldn't serialize object of type "Firestore" (found in field "_firestore"). Firestore doesn't support JavaScript objects with custom prototypes (i.e. objects that were created via the "new" operator).[39m
[2024-03-01 17:03:38] [32minfo[39m: [32mItem fetched successfully[39m
[2024-03-01 17:03:41] [31merror[39m: [31mUpdate() requires either a single JavaScript object or an alternating list of field/value pairs that can be followed by an optional precondition. Value for argument "dataOrField" is not a valid Firestore document. Couldn't serialize object of type "Firestore" (found in field "_firestore"). Firestore doesn't support JavaScript objects with custom prototypes (i.e. objects that were created via the "new" operator).[39m
[2024-03-01 17:04:38] [32minfo[39m: [32mItem fetched successfully[39m
[2024-03-01 17:04:39] [31merror[39m: [31mUpdate() requires either a single JavaScript object or an alternating list of field/value pairs that can be followed by an optional precondition. Value for argument "dataOrField" is not a valid Firestore document. Couldn't serialize object of type "Firestore" (found in field "_firestore"). Firestore doesn't support JavaScript objects with custom prototypes (i.e. objects that were created via the "new" operator).[39m
[2024-03-01 17:07:11] [32minfo[39m: [32mItem fetched successfully[39m
[2024-03-01 17:07:11] [31merror[39m: [31mUpdate() requires either a single JavaScript object or an alternating list of field/value pairs that can be followed by an optional precondition. Value for argument "dataOrField" is not a valid Firestore document. Couldn't serialize object of type "Firestore" (found in field "_firestore"). Firestore doesn't support JavaScript objects with custom prototypes (i.e. objects that were created via the "new" operator).[39m
[2024-03-01 17:07:57] [32minfo[39m: [32mItem fetched successfully[39m
[2024-03-01 17:07:59] [31merror[39m: [31mUpdate() requires either a single JavaScript object or an alternating list of field/value pairs that can be followed by an optional precondition. Value for argument "dataOrField" is not a valid Firestore document. Couldn't serialize object of type "Firestore" (found in field "_firestore"). Firestore doesn't support JavaScript objects with custom prototypes (i.e. objects that were created via the "new" operator).[39m
[2024-03-01 17:11:57] [32minfo[39m: [32m====loginUser Request initiated====[39m
[2024-03-01 17:11:57] [32minfo[39m: [32mUser logged in successfully[39m
[2024-03-01 17:12:15] [32minfo[39m: [32mItem fetched successfully[39m
[2024-03-01 17:12:15] [31merror[39m: [31mCannot read property 'filter' of undefined[39m
[2024-03-01 17:13:23] [32minfo[39m: [32mItem fetched successfully[39m
[2024-03-01 17:13:23] [31merror[39m: [31mCannot read property 'filter' of undefined[39m
[2024-03-01 17:14:57] [32minfo[39m: [32mItem fetched successfully[39m
[2024-03-01 17:14:59] [31merror[39m: [31mUpdate() requires either a single JavaScript object or an alternating list of field/value pairs that can be followed by an optional precondition. Value for argument "dataOrField" is not a valid Firestore document. Couldn't serialize object of type "Firestore" (found in field "_firestore"). Firestore doesn't support JavaScript objects with custom prototypes (i.e. objects that were created via the "new" operator).[39m
[2024-03-01 17:16:43] [32minfo[39m: [32mItem fetched successfully[39m
[2024-03-01 17:16:45] [31merror[39m: [31mUpdate() requires either a single JavaScript object or an alternating list of field/value pairs that can be followed by an optional precondition. Value for argument "dataOrField" is not a valid Firestore document. Couldn't serialize object of type "Firestore" (found in field "_firestore"). Firestore doesn't support JavaScript objects with custom prototypes (i.e. objects that were created via the "new" operator).[39m
[2024-03-01 17:22:27] [32minfo[39m: [32mItem fetched successfully[39m
[2024-03-01 17:22:29] [31merror[39m: [31mUpdate() requires either a single JavaScript object or an alternating list of field/value pairs that can be followed by an optional precondition. Value for argument "dataOrField" is not a valid Firestore document. Couldn't serialize object of type "Firestore" (found in field "_firestore"). Firestore doesn't support JavaScript objects with custom prototypes (i.e. objects that were created via the "new" operator).[39m
[2024-03-01 17:25:04] [32minfo[39m: [32mItem fetched successfully[39m
[2024-03-01 17:27:28] [32minfo[39m: [32mItem fetched successfully[39m
[2024-03-01 17:27:28] [32minfo[39m: [32mNo item found with xu09qniUnL48bFVEipVB[39m
[2024-03-01 17:28:18] [32minfo[39m: [32mItem fetched successfully[39m
[2024-03-01 17:28:19] [32minfo[39m: [32mNo item found with xu09qniUnL48bFVEipVB[39m
[2024-03-01 17:52:08] [32minfo[39m: [32m====loginUser Request initiated====[39m
[2024-03-01 17:52:09] [32minfo[39m: [32mUser logged in successfully[39m
[2024-03-01 17:53:52] [32minfo[39m: [32mItem fetched successfully[39m
[2024-03-01 17:53:54] [32minfo[39m: [32mNo item found with eyJhbGciOiJSUzI1NiIsImtpZCI6ImExODE4ZjQ0ODk0MjI1ZjQ2MWQyMmI1NjA4NDcyMDM3MTc2MGY1OWIiLCJ0eXAiOiJKV1QifQ.eyJ1c2VyUm9sZSI6InByb21vdGVyIiwiaXNzIjoiaHR0cHM6Ly9zZWN1cmV0b2tlbi5nb29nbGUuY29tL3doYXRzLXRoYS1tb3ZlLWRldiIsImF1ZCI6IndoYXRzLXRoYS1tb3ZlLWRldiIsImF1dGhfdGltZSI6MTcwOTI5NTcyOCwidXNlcl9pZCI6IjlyQWxpdGdOQkxkcGp2c1RaQmN1MVc1TGVvUDIiLCJzdWIiOiI5ckFsaXRnTkJMZHBqdnNUWkJjdTFXNUxlb1AyIiwiaWF0IjoxNzA5Mjk1NzI4LCJleHAiOjE3MDkyOTkzMjgsImVtYWlsIjoidGVzdHVzZXIrYWIxQHlvcG1haWwuY29tIiwiZW1haWxfdmVyaWZpZWQiOmZhbHNlLCJmaXJlYmFzZSI6eyJpZGVudGl0aWVzIjp7ImVtYWlsIjpbInRlc3R1c2VyK2FiMUB5b3BtYWlsLmNvbSJdfSwic2lnbl9pbl9wcm92aWRlciI6InBhc3N3b3JkIn19.C0l8PGwLNP7Nr0OS88JjQNUuIdskU3RECE-l8R2er4Md8B0hY110sujtdnW40QqUXa1241ewYSu9Z-Z7FfF5e3YkQlAIIOPWeOwS3riLEvbZLNgPvqHXHfFFrapD_DDfkpWvcBL50nNWtk8U2Z3bKL_6Wc_T3ZGnZTBp_QCCwVcsiXer3Rv2S1SsDzMiAV37kOWX-ip6T-0dvLuz4CqUjhELAhWiUbsHSRhhG3r2poD9lGwji9uW6RK51KMRDRmUkYOEF-zylAb8pBF3_Vf3p7ZfDAJDEuh9UyP_af3T9fP6XSJ87HX3GdYkEw6c8hZKRDoWkio_MCWRoSQf7vVFqg[39m
[2024-03-01 17:54:16] [32minfo[39m: [32mItem fetched successfully[39m
[2024-03-01 17:54:16] [32minfo[39m: [32mNo item found with xu09qniUnL48bFVEipVB[39m
[2024-03-01 17:55:58] [32minfo[39m: [32mItem fetched successfully[39m
[2024-03-01 17:55:58] [32minfo[39m: [32mNo item found with xu09qniUnL48bFVEipVB[39m
[2024-03-01 17:57:51] [32minfo[39m: [32mItem fetched successfully[39m
[2024-03-01 17:57:51] [32minfo[39m: [32mNo item found with xu09qniUnL48bFVEipVB[39m
[2024-03-01 18:00:35] [32minfo[39m: [32mItem fetched successfully[39m
[2024-03-01 18:00:35] [32minfo[39m: [32mNo item found with xu09qniUnL48bFVEipVB[39m
[2024-03-01 18:42:07] [32minfo[39m: [32m=====getCategories request initiated====[39m
[2024-03-01 18:42:07] [31merror[39m: [31mCannot read property 'forEach' of undefined[39m
[2024-03-01 18:42:07] [32minfo[39m: [32m=====getCategories request initiated====[39m
[2024-03-01 18:42:07] [31merror[39m: [31mCannot read property 'forEach' of undefined[39m
[2024-03-01 18:42:07] [32minfo[39m: [32m=====getBadges request initiated====[39m
[2024-03-01 18:42:07] [31merror[39m: [31mCannot read property 'forEach' of undefined[39m
[2024-03-01 18:42:07] [32minfo[39m: [32m=====getBadges request initiated====[39m
[2024-03-01 18:42:07] [31merror[39m: [31mCannot read property 'forEach' of undefined[39m
[2024-03-01 18:42:07] [32minfo[39m: [32m=====createEvent request initiated====[39m
[2024-03-01 18:42:07] [31merror[39m: [31mthis.firebaseApp.getAuth(...).getUser is not a function[39m
[2024-03-01 18:42:07] [32minfo[39m: [32m=====createEvent request initiated====[39m
[2024-03-01 18:42:07] [31merror[39m: [31mthis.firebaseApp.getAuth(...).getUser is not a function[39m
[2024-03-01 18:42:07] [32minfo[39m: [32m=====udpateEvent request initiated====[39m
[2024-03-01 18:42:07] [31merror[39m: [31mthis.firebaseApp.getAuth(...).getUser is not a function[39m
[2024-03-01 18:42:07] [32minfo[39m: [32m=====udpateEvent request initiated====[39m
[2024-03-01 18:42:07] [31merror[39m: [31mthis.firebaseApp.getAuth(...).getUser is not a function[39m
[2024-03-01 18:42:07] [32minfo[39m: [32m=====getSingleEvent request initiated====[39m
[2024-03-01 18:42:07] [31merror[39m: [31mCannot read property 'exists' of undefined[39m
[2024-03-01 18:42:07] [32minfo[39m: [32m=====createEventTicket request initated====[39m
[2024-03-01 18:42:07] [31merror[39m: [31mthis.firebaseApp.getAuth(...).getUser is not a function[39m
[2024-03-01 18:42:07] [32minfo[39m: [32mItem fetched successfully[39m
[2024-03-01 18:42:07] [31merror[39m: [31mCannot read property 'data' of undefined[39m
[2024-03-18 23:02:19] [32minfo[39m: [32m====loginUser Request initiated====[39m
[2024-03-18 23:02:20] [31merror[39m: [31mRequest failed with status code 400[39m
[2024-03-18 23:02:46] [32minfo[39m: [32m====loginUser Request initiated====[39m
[2024-03-18 23:02:47] [31merror[39m: [31mRequest failed with status code 400[39m
[2024-03-18 23:03:00] [32minfo[39m: [32m====loginUser Request initiated====[39m
[2024-03-18 23:03:00] [31merror[39m: [31mRequest failed with status code 400[39m
[2024-03-18 23:03:06] [32minfo[39m: [32m====loginUser Request initiated====[39m
[2024-03-18 23:03:07] [31merror[39m: [31mRequest failed with status code 400[39m
[2024-03-18 23:03:20] [32minfo[39m: [32m====loginUser Request initiated====[39m
[2024-03-18 23:03:21] [31merror[39m: [31mRequest failed with status code 400[39m
[2024-03-18 23:03:33] [32minfo[39m: [32m====loginUser Request initiated====[39m
[2024-03-18 23:03:34] [31merror[39m: [31mRequest failed with status code 400[39m
[2024-03-18 23:03:42] [32minfo[39m: [32m====loginUser Request initiated====[39m
[2024-03-18 23:03:42] [31merror[39m: [31mRequest failed with status code 400[39m
[2024-03-18 23:03:51] [32minfo[39m: [32m====getRoles Request initiated====[39m
[2024-03-18 23:03:53] [32minfo[39m: [32mFetched roles successfully[39m
[2024-03-18 23:04:36] [32minfo[39m: [32m====create Request initiated====[39m
[2024-03-18 23:04:37] [31merror[39m: [31mThe email address is already in use by another account.[39m
[2024-03-18 23:04:46] [32minfo[39m: [32m====create Request initiated====[39m
[2024-03-18 23:04:51] [32minfo[39m: [32mUser fetched from User collection[39m
[2024-03-18 23:04:51] [32minfo[39m: [32m=====uploadQRCode request initiated=====[39m
[2024-03-18 23:04:52] [32minfo[39m: [32mUser registered successfully[39m
[2024-03-18 23:05:12] [32minfo[39m: [32m====loginUser Request initiated====[39m
[2024-03-18 23:05:13] [32minfo[39m: [32mUser logged in successfully[39m
[2024-03-18 23:06:25] [31merror[39m: [31mValue for argument "documentPath" is not a valid resource path. Path must be a non-empty string.[39m
[2024-03-18 23:07:03] [31merror[39m: [31mValue for argument "documentPath" is not a valid resource path. Path must be a non-empty string.[39m
[2024-03-18 23:31:47] [31merror[39m: [31mValue for argument "documentPath" is not a valid resource path. Path must be a non-empty string.[39m
[2024-03-18 23:34:15] [31merror[39m: [31mValue for argument "documentPath" is not a valid resource path. Path must be a non-empty string.[39m
[2024-03-18 23:39:42] [31merror[39m: [31mValue for argument "documentPath" is not a valid resource path. Path must be a non-empty string.[39m
